50 
50
-6.15412e-13  7.88205e-13 
-1.00951e-12  1.29296e-12 
  -1.656e-12  2.12096e-12 
-2.71648e-12   3.4792e-12 
-4.45608e-12  5.70724e-12 
 -7.3097e-12  9.36209e-12 
-1.19907e-11  1.53575e-11 
-1.96695e-11  2.51922e-11 
-3.22656e-11   4.1325e-11 
 -5.2928e-11   6.7789e-11 
-8.68225e-11    1.112e-10 
-1.42423e-10  1.82412e-10 
-2.33628e-10  2.99226e-10 
-3.83241e-10  4.90847e-10 
-6.28665e-10  8.05179e-10 
-1.03125e-09  1.32081e-09 
-1.69166e-09  2.16663e-09 
-2.77497e-09  3.55412e-09 
-4.55203e-09  5.83014e-09 
 -7.4671e-09  9.56369e-09 
-1.22489e-08  1.56882e-08 
 -2.0093e-08  2.57347e-08 
-3.29604e-08  4.22149e-08 
-5.40678e-08  6.92488e-08 
-8.86922e-08  1.13595e-07 
 -1.4549e-07   1.8634e-07 
-2.38659e-07  3.05669e-07 
-3.91494e-07  5.01417e-07 
-6.42203e-07  8.22518e-07 
-1.05346e-06  1.34925e-06 
-1.72809e-06  2.21329e-06 
-2.83473e-06  3.63067e-06 
-4.65007e-06  5.95571e-06 
-7.62792e-06   9.7697e-06 
-1.25128e-05  1.60262e-05 
-2.05259e-05  2.62893e-05 
-3.36705e-05  4.31251e-05 
-5.52331e-05  7.07432e-05 
-9.06046e-05   0.00011605 
-0.000148629  0.000190375 
-0.000243817  0.000312314 
-0.000399974  0.000512381 
-0.000656164  0.000840678 
  -0.0010765   0.00137951 
 -0.00176626    0.0022642 
 -0.00289836   0.00371758 
 -0.00475714   0.00610746 
 -0.00781088    0.0100434 
  -0.0128326     0.016542 
  -0.0211036    0.0273165 
50
  -0.0126081    0.0160246 
  -0.0206204    0.0265474 
  -0.0338941    0.0440689 
  -0.0559286    0.0735972 
  -0.0927272      0.12426 
   -0.154857     0.213679 
   -0.261697      0.37877 
   -0.451082     0.706048 
   -0.804105      1.43139 
     -1.5198      3.34619 
     -3.1929      10.0399 
    -8.21287       47.872 
    -32.1489      580.722 
     -322.51      52748.2 
    -26696.6  3.56421e+08 
-1.78237e+08  1.58842e+16 
-7.94211e+15  3.15386e+31 
-1.57693e+31  1.24335e+62 
-6.21676e+61  1.9324e+123 
-9.66202e+122 4.66773e+245 
-2.33386e+245          inf 
        -inf          inf 
        -inf          inf 
        -inf          inf 
        -inf          inf 
        -inf          inf 
        -inf          inf 
        -inf          inf 
        -inf          inf 
        -inf          inf 
        -inf          inf 
        -inf          inf 
        -inf          inf 
        -inf          inf 
        -inf          inf 
        -inf          inf 
        -inf          inf 
        -inf          inf 
        -inf          inf 
        -inf          inf 
        -inf          inf 
        -inf          inf 
        -inf          inf 
        -inf          inf 
        -inf          inf 
        -inf          inf 
        -inf          inf 
        -inf          inf 
        -inf          inf 
        -inf          inf 
50
   -0.025314    0.0319261 
  -0.0412771    0.0534165 
  -0.0679853    0.0897202 
   -0.112845      0.15251 
     -0.1891      0.26494 
    -0.32157     0.477428 
   -0.560284      0.91453 
    -1.01755      1.94101 
    -1.98805      4.91121 
    -4.44366      17.0061 
    -12.9467      107.288 
    -66.5907      2357.75 
    -1245.46       778571 
     -390531  7.62582e+10 
-3.81295e+10  7.26928e+20 
-3.63464e+20  6.60531e+40 
-3.30265e+40  5.45376e+80 
-2.72688e+80 3.71794e+160 
-1.85897e+160          inf 
        -inf          inf 
        -inf          inf 
        -inf          inf 
        -inf          inf 
        -inf          inf 
        -inf          inf 
        -inf          inf 
        -inf          inf 
        -inf          inf 
        -inf          inf 
        -inf          inf 
        -inf          inf 
        -inf          inf 
        -inf          inf 
        -inf          inf 
        -inf          inf 
        -inf          inf 
        -inf          inf 
        -inf          inf 
        -inf          inf 
        -inf          inf 
        -inf          inf 
        -inf          inf 
        -inf          inf 
        -inf          inf 
        -inf          inf 
        -inf          inf 
        -inf          inf 
        -inf          inf 
        -inf          inf 
        -inf          inf 
50
  -0.0381186    0.0477031 
  -0.0619702    0.0806084 
   -0.102274     0.136976 
   -0.170762     0.236936 
    -0.28923     0.423379 
    -0.50092     0.799299 
   -0.900569       1.6551 
    -1.72812      4.01235 
    -3.73429       12.852 
    -10.1603      69.5477 
    -44.9341      1101.55 
     -595.71       178835 
      -90013  4.05139e+09 
-2.02579e+09   2.0519e+18 
-1.02595e+18  5.26289e+35 
-2.63144e+35  3.46225e+70 
-1.73112e+70 1.49839e+140 
-7.49197e+139 2.80648e+279 
-1.40324e+279          inf 
        -inf          inf 
        -inf          inf 
        -inf          inf 
        -inf          inf 
        -inf          inf 
        -inf          inf 
        -inf          inf 
        -inf          inf 
        -inf          inf 
        -inf          inf 
        -inf          inf 
        -inf          inf 
        -inf          inf 
        -inf          inf 
        -inf          inf 
        -inf          inf 
        -inf          inf 
        -inf          inf 
        -inf          inf 
        -inf          inf 
        -inf          inf 
        -inf          inf 
        -inf          inf 
        -inf          inf 
        -inf          inf 
        -inf          inf 
        -inf          inf 
        -inf          inf 
        -inf          inf 
        -inf          inf 
        -inf          inf 
50
  -0.0510225    0.0633546 
  -0.0826998     0.108124 
   -0.136762     0.185857 
    -0.22969     0.327081 
   -0.393231     0.601012 
   -0.693737      1.18852 
    -1.28799      2.66198 
    -2.61898      7.40101 
    -6.31949      30.5287 
    -21.5838      274.252 
     -158.71        12948 
    -6632.71  2.20127e+07 
 -1.1013e+07   6.0643e+13 
-3.03215e+13  4.59697e+26 
-2.29848e+26  2.64152e+52 
-1.32076e+52 8.72201e+103 
-4.36101e+103 9.50918e+206 
-4.75459e+206          inf 
        -inf          inf 
        -inf          inf 
        -inf          inf 
        -inf          inf 
        -inf          inf 
        -inf          inf 
        -inf          inf 
        -inf          inf 
        -inf          inf 
        -inf          inf 
        -inf          inf 
        -inf          inf 
        -inf          inf 
        -inf          inf 
        -inf          inf 
        -inf          inf 
        -inf          inf 
        -inf          inf 
        -inf          inf 
        -inf          inf 
        -inf          inf 
        -inf          inf 
        -inf          inf 
        -inf          inf 
        -inf          inf 
        -inf          inf 
        -inf          inf 
        -inf          inf 
        -inf          inf 
        -inf          inf 
        -inf          inf 
        -inf          inf 
50
  -0.0640267    0.0788793 
   -0.103466     0.135965 
   -0.171449     0.236387 
   -0.289642     0.423154 
   -0.501219     0.799374 
   -0.900906      1.65564 
    -1.72873      4.01426 
    -3.73586      12.8605 
    -10.1661      69.6184 
    -44.9753       1103.5 
    -596.724       179441 
    -90317.4  4.07884e+09 
-2.03951e+09   2.0798e+18 
 -1.0399e+18  5.40697e+35 
-2.70348e+35  3.65441e+70 
-1.82721e+70 1.66934e+140 
-8.34671e+139 3.48337e+279 
-1.74169e+279          inf 
        -inf          inf 
        -inf          inf 
        -inf          inf 
        -inf          inf 
        -inf          inf 
        -inf          inf 
        -inf          inf 
        -inf          inf 
        -inf          inf 
        -inf          inf 
        -inf          inf 
        -inf          inf 
        -inf          inf 
        -inf          inf 
        -inf          inf 
        -inf          inf 
        -inf          inf 
        -inf          inf 
        -inf          inf 
        -inf          inf 
        -inf          inf 
        -inf          inf 
        -inf          inf 
        -inf          inf 
        -inf          inf 
        -inf          inf 
        -inf          inf 
        -inf          inf 
        -inf          inf 
        -inf          inf 
        -inf          inf 
        -inf          inf 
50
  -0.0771318    0.0942759 
    -0.12427     0.164132 
   -0.206336     0.288587 
   -0.350629     0.525373 
   -0.613316      1.02011 
    -1.12337      2.21277 
    -2.22976      5.81356 
    -5.13654      21.5738 
    -15.9235      156.314 
    -94.0803      4628.91 
    -2408.53  2.90635e+06 
-1.45558e+06  1.05936e+12 
-5.29684e+11  1.40282e+23 
-7.01412e+22   2.4599e+45 
-1.22995e+45  7.56387e+89 
-3.78193e+89 7.15151e+178 
-3.57576e+178          inf 
        -inf          inf 
        -inf          inf 
        -inf          inf 
        -inf          inf 
        -inf          inf 
        -inf          inf 
        -inf          inf 
        -inf          inf 
        -inf          inf 
        -inf          inf 
        -inf          inf 
        -inf          inf 
        -inf          inf 
        -inf          inf 
        -inf          inf 
        -inf          inf 
        -inf          inf 
        -inf          inf 
        -inf          inf 
        -inf          inf 
        -inf          inf 
        -inf          inf 
        -inf          inf 
        -inf          inf 
        -inf          inf 
        -inf          inf 
        -inf          inf 
        -inf          inf 
        -inf          inf 
        -inf          inf 
        -inf          inf 
        -inf          inf 
        -inf          inf 
50
  -0.0903386     0.109543 
    -0.14511     0.192627 
   -0.241424     0.342481 
   -0.412664     0.633959 
   -0.729644      1.26497 
    -1.36213      2.87373 
      -2.799      8.19042 
    -6.89421      35.4026 
    -24.5955       350.17 
     -199.68      20386.1 
    -10392.7  5.40302e+07 
-2.70255e+07  3.65188e+14 
-1.82594e+14  1.66703e+28 
-8.33516e+27  3.47374e+55 
-1.73687e+55 1.50836e+110 
-7.54181e+109 2.84394e+219 
-1.42197e+219          inf 
        -inf          inf 
        -inf          inf 
        -inf          inf 
        -inf          inf 
        -inf          inf 
        -inf          inf 
        -inf          inf 
        -inf          inf 
        -inf          inf 
        -inf          inf 
        -inf          inf 
        -inf          inf 
        -inf          inf 
        -inf          inf 
        -inf          inf 
        -inf          inf 
        -inf          inf 
        -inf          inf 
        -inf          inf 
        -inf          inf 
        -inf          inf 
        -inf          inf 
        -inf          inf 
        -inf          inf 
        -inf          inf 
        -inf          inf 
        -inf          inf 
        -inf          inf 
        -inf          inf 
        -inf          inf 
        -inf          inf 
        -inf          inf 
        -inf          inf 
50
   -0.103648      0.12468 
   -0.165988      0.22145 
   -0.276713     0.398092 
   -0.475759     0.749144 
   -0.850331      1.53584 
    -1.61825      3.65434 
    -3.44542      11.3125 
    -9.10167      57.2835 
    -37.7434      788.439 
    -431.963      94300.4 
    -47582.2  1.13215e+09 
-5.66122e+08  1.60247e+17 
-8.01235e+16  3.20989e+33 
-1.60494e+33  1.28792e+66 
-6.43962e+65 2.07343e+131 
-1.03672e+131 5.37391e+261 
-2.68696e+261          inf 
        -inf          inf 
        -inf          inf 
        -inf          inf 
        -inf          inf 
        -inf          inf 
        -inf          inf 
        -inf          inf 
        -inf          inf 
        -inf          inf 
        -inf          inf 
        -inf          inf 
        -inf          inf 
        -inf          inf 
        -inf          inf 
        -inf          inf 
        -inf          inf 
        -inf          inf 
        -inf          inf 
        -inf          inf 
        -inf          inf 
        -inf          inf 
        -inf          inf 
        -inf          inf 
        -inf          inf 
        -inf          inf 
        -inf          inf 
        -inf          inf 
        -inf          inf 
        -inf          inf 
        -inf          inf 
        -inf          inf 
        -inf          inf 
        -inf          inf 
50
   -0.117061     0.139685 
   -0.186903     0.250603 
   -0.312205     0.455441 
   -0.539926     0.871164 
   -0.975508      1.83473 
    -1.89287      4.57264 
    -4.17919       15.395 
    -11.8767      91.8616 
    -57.8075      1791.62 
    -953.617       456961 
     -229434  2.63206e+10 
-1.31605e+10  8.65996e+19 
-4.32998e+19  9.37435e+38 
-4.68718e+38  1.09848e+77 
-5.49241e+76 1.50833e+153 
-7.54163e+152 2.84381e+305 
-1.4219e+305          inf 
        -inf          inf 
        -inf          inf 
        -inf          inf 
        -inf          inf 
        -inf          inf 
        -inf          inf 
        -inf          inf 
        -inf          inf 
        -inf          inf 
        -inf          inf 
        -inf          inf 
        -inf          inf 
        -inf          inf 
        -inf          inf 
        -inf          inf 
        -inf          inf 
        -inf          inf 
        -inf          inf 
        -inf          inf 
        -inf          inf 
        -inf          inf 
        -inf          inf 
        -inf          inf 
        -inf          inf 
        -inf          inf 
        -inf          inf 
        -inf          inf 
        -inf          inf 
        -inf          inf 
        -inf          inf 
        -inf          inf 
        -inf          inf 
        -inf          inf 
50
   -0.130578     0.154557 
   -0.207856     0.280087 
     -0.3479     0.514554 
   -0.605177      1.00026 
    -1.10531      2.16377 
    -2.18719      5.64927 
    -5.01183      20.7144 
     -15.369      146.502 
    -88.6202      4117.58 
    -2147.41  2.31088e+06 
-1.15759e+06  6.70008e+11 
-3.35005e+11  5.61142e+22 
-2.80571e+22    3.936e+44 
  -1.968e+44  1.93651e+88 
-9.68257e+87  4.6876e+175 
-2.3438e+175          inf 
        -inf          inf 
        -inf          inf 
        -inf          inf 
        -inf          inf 
        -inf          inf 
        -inf          inf 
        -inf          inf 
        -inf          inf 
        -inf          inf 
        -inf          inf 
        -inf          inf 
        -inf          inf 
        -inf          inf 
        -inf          inf 
        -inf          inf 
        -inf          inf 
        -inf          inf 
        -inf          inf 
        -inf          inf 
        -inf          inf 
        -inf          inf 
        -inf          inf 
        -inf          inf 
        -inf          inf 
        -inf          inf 
        -inf          inf 
        -inf          inf 
        -inf          inf 
        -inf          inf 
        -inf          inf 
        -inf          inf 
        -inf          inf 
        -inf          inf 
        -inf          inf 
50
     -0.1442     0.169294 
   -0.228847     0.309903 
   -0.383799     0.575453 
   -0.671526      1.13669 
    -1.23987      2.52526 
     -2.5025      6.90777 
    -5.95639      27.6253 
     -19.769      232.917 
    -136.227      9579.98 
    -4926.22  1.21459e+07 
-6.07786e+06  1.84702e+13 
 -9.2351e+12  4.26435e+25 
-2.13218e+25  2.27309e+50 
-1.13654e+50  6.45865e+99 
-3.22932e+99 5.21426e+198 
-2.60713e+198          inf 
        -inf          inf 
        -inf          inf 
        -inf          inf 
        -inf          inf 
        -inf          inf 
        -inf          inf 
        -inf          inf 
        -inf          inf 
        -inf          inf 
        -inf          inf 
        -inf          inf 
        -inf          inf 
        -inf          inf 
        -inf          inf 
        -inf          inf 
        -inf          inf 
        -inf          inf 
        -inf          inf 
        -inf          inf 
        -inf          inf 
        -inf          inf 
        -inf          inf 
        -inf          inf 
        -inf          inf 
        -inf          inf 
        -inf          inf 
        -inf          inf 
        -inf          inf 
        -inf          inf 
        -inf          inf 
        -inf          inf 
        -inf          inf 
        -inf          inf 
        -inf          inf 
50
   -0.157928     0.183896 
   -0.249876     0.340053 
   -0.419903     0.638163 
   -0.738984       1.2807 
    -1.37934      2.92166 
    -2.84016      8.37501 
    -7.02767      36.5829 
    -25.3191      369.771 
    -210.205      22567.9 
    -11494.2  6.60861e+07 
-3.30545e+07  5.46301e+14 
 -2.7315e+14  3.73056e+28 
-1.86528e+28  1.73963e+56 
-8.69817e+55  3.7829e+111 
-1.89145e+111  1.7888e+222 
-8.94398e+221          inf 
        -inf          inf 
        -inf          inf 
        -inf          inf 
        -inf          inf 
        -inf          inf 
        -inf          inf 
        -inf          inf 
        -inf          inf 
        -inf          inf 
        -inf          inf 
        -inf          inf 
        -inf          inf 
        -inf          inf 
        -inf          inf 
        -inf          inf 
        -inf          inf 
        -inf          inf 
        -inf          inf 
        -inf          inf 
        -inf          inf 
        -inf          inf 
        -inf          inf 
        -inf          inf 
        -inf          inf 
        -inf          inf 
        -inf          inf 
        -inf          inf 
        -inf          inf 
        -inf          inf 
        -inf          inf 
        -inf          inf 
        -inf          inf 
        -inf          inf 
        -inf          inf 
50
   -0.171763      0.19836 
   -0.270943     0.370537 
   -0.456212     0.702708 
   -0.807566      1.43257 
    -1.52385      3.35556 
    -3.20163      10.0816 
    -8.24243      48.1716 
    -32.3282      586.893 
    -325.775      53814.4 
      -27233  3.70885e+08 
 -1.8547e+08  1.71995e+16 
-8.59977e+15   3.6978e+31 
 -1.8489e+31  1.70922e+62 
-8.54609e+61 3.65178e+123 
-1.82589e+123 1.66694e+246 
-8.3347e+245          inf 
        -inf          inf 
        -inf          inf 
        -inf          inf 
        -inf          inf 
        -inf          inf 
        -inf          inf 
        -inf          inf 
        -inf          inf 
        -inf          inf 
        -inf          inf 
        -inf          inf 
        -inf          inf 
        -inf          inf 
        -inf          inf 
        -inf          inf 
        -inf          inf 
        -inf          inf 
        -inf          inf 
        -inf          inf 
        -inf          inf 
        -inf          inf 
        -inf          inf 
        -inf          inf 
        -inf          inf 
        -inf          inf 
        -inf          inf 
        -inf          inf 
        -inf          inf 
        -inf          inf 
        -inf          inf 
        -inf          inf 
        -inf          inf 
        -inf          inf 
        -inf          inf 
50
   -0.185705     0.212687 
   -0.292049     0.401357 
   -0.492727     0.769111 
   -0.877283      1.59257 
    -1.67357      3.82976 
    -3.58845      12.0625 
    -9.61967      63.1413 
    -41.1903      932.058 
     -507.22       129822 
      -65418  2.13992e+09 
-1.07002e+09  5.72476e+17 
-2.86238e+17  4.09662e+34 
-2.04831e+34  2.09778e+68 
-1.04889e+68 5.50087e+135 
-2.75043e+135 3.78244e+270 
-1.89122e+270          inf 
        -inf          inf 
        -inf          inf 
        -inf          inf 
        -inf          inf 
        -inf          inf 
        -inf          inf 
        -inf          inf 
        -inf          inf 
        -inf          inf 
        -inf          inf 
        -inf          inf 
        -inf          inf 
        -inf          inf 
        -inf          inf 
        -inf          inf 
        -inf          inf 
        -inf          inf 
        -inf          inf 
        -inf          inf 
        -inf          inf 
        -inf          inf 
        -inf          inf 
        -inf          inf 
        -inf          inf 
        -inf          inf 
        -inf          inf 
        -inf          inf 
        -inf          inf 
        -inf          inf 
        -inf          inf 
        -inf          inf 
        -inf          inf 
        -inf          inf 
        -inf          inf 
50
   -0.199756     0.226873 
   -0.313193     0.432515 
    -0.52945     0.837398 
   -0.948149      1.76097 
    -1.82863      4.34723 
    -4.00225      14.3574 
    -11.1809      82.4544 
    -52.4081      1481.96 
     -793.39       316612 
     -159100  1.26567e+10 
-6.32853e+09  2.00251e+19 
-1.00126e+19  5.01257e+37 
-2.50628e+37  3.14073e+74 
-1.57037e+74 1.23302e+148 
-6.16512e+147 1.90043e+295 
-9.50217e+294          inf 
        -inf          inf 
        -inf          inf 
        -inf          inf 
        -inf          inf 
        -inf          inf 
        -inf          inf 
        -inf          inf 
        -inf          inf 
        -inf          inf 
        -inf          inf 
        -inf          inf 
        -inf          inf 
        -inf          inf 
        -inf          inf 
        -inf          inf 
        -inf          inf 
        -inf          inf 
        -inf          inf 
        -inf          inf 
        -inf          inf 
        -inf          inf 
        -inf          inf 
        -inf          inf 
        -inf          inf 
        -inf          inf 
        -inf          inf 
        -inf          inf 
        -inf          inf 
        -inf          inf 
        -inf          inf 
        -inf          inf 
        -inf          inf 
        -inf          inf 
        -inf          inf 
50
   -0.213916     0.240919 
   -0.334376      0.46401 
   -0.566381     0.907594 
    -1.02018      1.93806 
    -1.98921      4.91115 
    -4.44479      17.0116 
    -12.9506      107.346 
    -66.6234         2360 
    -1246.62       780018 
     -391256  7.65414e+10 
-3.82711e+10  7.32339e+20 
 -3.6617e+20  6.70401e+40 
  -3.352e+40  5.61796e+80 
-2.80898e+80 3.94519e+160 
-1.97259e+160          inf 
        -inf          inf 
        -inf          inf 
        -inf          inf 
        -inf          inf 
        -inf          inf 
        -inf          inf 
        -inf          inf 
        -inf          inf 
        -inf          inf 
        -inf          inf 
        -inf          inf 
        -inf          inf 
        -inf          inf 
        -inf          inf 
        -inf          inf 
        -inf          inf 
        -inf          inf 
        -inf          inf 
        -inf          inf 
        -inf          inf 
        -inf          inf 
        -inf          inf 
        -inf          inf 
        -inf          inf 
        -inf          inf 
        -inf          inf 
        -inf          inf 
        -inf          inf 
        -inf          inf 
        -inf          inf 
        -inf          inf 
        -inf          inf 
        -inf          inf 
        -inf          inf 
        -inf          inf 
50
   -0.228187     0.254822 
   -0.355598     0.495845 
    -0.60352     0.979724 
    -1.09338      2.12416 
    -2.15546       5.5249 
    -4.91791      20.0768 
    -14.9563        139.4 
    -84.6564      3765.08 
     -1967.2  1.93968e+06 
     -971808  4.72208e+11 
-2.36105e+11  2.78727e+22 
-1.39364e+22  9.71112e+43 
-4.85556e+43  1.17882e+87 
-5.89411e+86 1.73703e+173 
-8.68514e+172          inf 
        -inf          inf 
        -inf          inf 
        -inf          inf 
        -inf          inf 
        -inf          inf 
        -inf          inf 
        -inf          inf 
        -inf          inf 
        -inf          inf 
        -inf          inf 
        -inf          inf 
        -inf          inf 
        -inf          inf 
        -inf          inf 
        -inf          inf 
        -inf          inf 
        -inf          inf 
        -inf          inf 
        -inf          inf 
        -inf          inf 
        -inf          inf 
        -inf          inf 
        -inf          inf 
        -inf          inf 
        -inf          inf 
        -inf          inf 
        -inf          inf 
        -inf          inf 
        -inf          inf 
        -inf          inf 
        -inf          inf 
        -inf          inf 
        -inf          inf 
        -inf          inf 
        -inf          inf 
50
   -0.242568     0.268581 
   -0.376859     0.528022 
   -0.640869      1.05381 
    -1.16778      2.31955 
    -2.32755      6.19208 
    -5.42359      23.6115 
    -17.2294      180.652 
    -107.555      6018.48 
     -3116.8  4.86479e+06 
-2.43551e+06  2.96586e+12 
-1.48293e+12  1.09955e+24 
-5.49774e+23  1.51125e+47 
-7.55627e+46  2.85486e+93 
-1.42743e+93 1.01878e+186 
-5.0939e+185          inf 
        -inf          inf 
        -inf          inf 
        -inf          inf 
        -inf          inf 
        -inf          inf 
        -inf          inf 
        -inf          inf 
        -inf          inf 
        -inf          inf 
        -inf          inf 
        -inf          inf 
        -inf          inf 
        -inf          inf 
        -inf          inf 
        -inf          inf 
        -inf          inf 
        -inf          inf 
        -inf          inf 
        -inf          inf 
        -inf          inf 
        -inf          inf 
        -inf          inf 
        -inf          inf 
        -inf          inf 
        -inf          inf 
        -inf          inf 
        -inf          inf 
        -inf          inf 
        -inf          inf 
        -inf          inf 
        -inf          inf 
        -inf          inf 
        -inf          inf 
        -inf          inf 
        -inf          inf 
50
   -0.257061     0.282195 
   -0.398159      0.56054 
   -0.678429      1.12989 
    -1.24337      2.52456 
    -2.50565      6.91654 
    -5.96392      27.6827 
    -19.8053      233.709 
     -136.66      9640.02 
    -4956.67  1.22964e+07 
-6.15315e+06  1.89307e+13 
-9.46534e+12  4.47963e+25 
-2.23982e+25  2.50839e+50 
 -1.2542e+50  7.86503e+99 
-3.93251e+99 7.73233e+198 
-3.86617e+198          inf 
        -inf          inf 
        -inf          inf 
        -inf          inf 
        -inf          inf 
        -inf          inf 
        -inf          inf 
        -inf          inf 
        -inf          inf 
        -inf          inf 
        -inf          inf 
        -inf          inf 
        -inf          inf 
        -inf          inf 
        -inf          inf 
        -inf          inf 
        -inf          inf 
        -inf          inf 
        -inf          inf 
        -inf          inf 
        -inf          inf 
        -inf          inf 
        -inf          inf 
        -inf          inf 
        -inf          inf 
        -inf          inf 
        -inf          inf 
        -inf          inf 
        -inf          inf 
        -inf          inf 
        -inf          inf 
        -inf          inf 
        -inf          inf 
        -inf          inf 
        -inf          inf 
        -inf          inf 
50
   -0.271668     0.295662 
   -0.419499     0.593402 
     -0.7162      1.20797 
    -1.32019      2.73951 
    -2.68994      7.70237 
    -6.54113      32.3661 
    -22.7242      301.922 
    -173.685      15472.1 
    -7909.72  3.13013e+07 
-1.56586e+07  1.22595e+14 
-6.12976e+13   1.8787e+27 
 -9.3935e+26  4.41189e+53 
-2.20595e+53  2.4331e+106 
-1.21655e+106 7.39995e+211 
-3.69998e+211          inf 
        -inf          inf 
        -inf          inf 
        -inf          inf 
        -inf          inf 
        -inf          inf 
        -inf          inf 
        -inf          inf 
        -inf          inf 
        -inf          inf 
        -inf          inf 
        -inf          inf 
        -inf          inf 
        -inf          inf 
        -inf          inf 
        -inf          inf 
        -inf          inf 
        -inf          inf 
        -inf          inf 
        -inf          inf 
        -inf          inf 
        -inf          inf 
        -inf          inf 
        -inf          inf 
        -inf          inf 
        -inf          inf 
        -inf          inf 
        -inf          inf 
        -inf          inf 
        -inf          inf 
        -inf          inf 
        -inf          inf 
        -inf          inf 
        -inf          inf 
        -inf          inf 
        -inf          inf 
50
   -0.286388     0.308982 
   -0.440878     0.626608 
   -0.754182      1.28809 
    -1.39823      2.96473 
     -2.8806      8.55395 
    -7.15757      37.7481 
    -26.0316      389.587 
    -220.825      24881.9 
    -12661.8  8.01915e+07 
-4.01084e+07  8.04342e+14 
-4.02171e+14  8.08708e+28 
-4.04354e+28  8.17511e+56 
-4.08755e+56 8.35404e+112 
-4.17702e+112 8.72375e+224 
-4.36188e+224          inf 
        -inf          inf 
        -inf          inf 
        -inf          inf 
        -inf          inf 
        -inf          inf 
        -inf          inf 
        -inf          inf 
        -inf          inf 
        -inf          inf 
        -inf          inf 
        -inf          inf 
        -inf          inf 
        -inf          inf 
        -inf          inf 
        -inf          inf 
        -inf          inf 
        -inf          inf 
        -inf          inf 
        -inf          inf 
        -inf          inf 
        -inf          inf 
        -inf          inf 
        -inf          inf 
        -inf          inf 
        -inf          inf 
        -inf          inf 
        -inf          inf 
        -inf          inf 
        -inf          inf 
        -inf          inf 
        -inf          inf 
        -inf          inf 
        -inf          inf 
        -inf          inf 
        -inf          inf 
50
   -0.301222     0.322152 
   -0.462298      0.66016 
   -0.792378      1.37028 
    -1.47752      3.20057 
     -3.0778      9.47591 
    -7.81576      43.9269 
    -29.7792      502.217 
    -280.887      40091.5 
    -20326.7  2.06637e+08 
-1.03339e+08  5.33945e+15 
-2.66972e+15  3.56371e+30 
-1.78186e+30   1.5875e+60 
-7.93752e+59 3.15021e+119 
-1.57511e+119 1.24048e+238 
-6.20239e+237          inf 
        -inf          inf 
        -inf          inf 
        -inf          inf 
        -inf          inf 
        -inf          inf 
        -inf          inf 
        -inf          inf 
        -inf          inf 
        -inf          inf 
        -inf          inf 
        -inf          inf 
        -inf          inf 
        -inf          inf 
        -inf          inf 
        -inf          inf 
        -inf          inf 
        -inf          inf 
        -inf          inf 
        -inf          inf 
        -inf          inf 
        -inf          inf 
        -inf          inf 
        -inf          inf 
        -inf          inf 
        -inf          inf 
        -inf          inf 
        -inf          inf 
        -inf          inf 
        -inf          inf 
        -inf          inf 
        -inf          inf 
        -inf          inf 
        -inf          inf 
        -inf          inf 
        -inf          inf 
50
   -0.316172     0.335171 
   -0.483758      0.69406 
   -0.830788      1.45456 
    -1.55807      3.44738 
    -3.28176      10.4732 
    -8.51836      51.0137 
    -34.0252      646.883 
    -357.467      64716.8 
    -32715.9  5.35246e+08 
-2.67656e+08  3.58197e+16 
-1.79099e+16  1.60382e+32 
-8.01909e+31  3.21529e+63 
-1.60764e+63 1.29226e+126 
-6.46129e+125 2.08742e+251 
-1.04371e+251          inf 
        -inf          inf 
        -inf          inf 
        -inf          inf 
        -inf          inf 
        -inf          inf 
        -inf          inf 
        -inf          inf 
        -inf          inf 
        -inf          inf 
        -inf          inf 
        -inf          inf 
        -inf          inf 
        -inf          inf 
        -inf          inf 
        -inf          inf 
        -inf          inf 
        -inf          inf 
        -inf          inf 
        -inf          inf 
        -inf          inf 
        -inf          inf 
        -inf          inf 
        -inf          inf 
        -inf          inf 
        -inf          inf 
        -inf          inf 
        -inf          inf 
        -inf          inf 
        -inf          inf 
        -inf          inf 
        -inf          inf 
        -inf          inf 
        -inf          inf 
        -inf          inf 
        -inf          inf 
50
   -0.331239     0.348037 
   -0.505258     0.728308 
   -0.869412      1.54095 
    -1.63989      3.70551 
    -3.49265      11.5511 
    -9.26821       59.135 
    -38.8357       832.66 
    -455.166       104648 
    -52779.2  1.39296e+09 
 -6.9653e+08  2.42577e+17 
-1.21289e+17  7.35547e+33 
-3.67773e+33  6.76286e+66 
-3.38143e+66 5.71703e+132 
-2.85852e+132 4.08556e+264 
-2.04278e+264          inf 
        -inf          inf 
        -inf          inf 
        -inf          inf 
        -inf          inf 
        -inf          inf 
        -inf          inf 
        -inf          inf 
        -inf          inf 
        -inf          inf 
        -inf          inf 
        -inf          inf 
        -inf          inf 
        -inf          inf 
        -inf          inf 
        -inf          inf 
        -inf          inf 
        -inf          inf 
        -inf          inf 
        -inf          inf 
        -inf          inf 
        -inf          inf 
        -inf          inf 
        -inf          inf 
        -inf          inf 
        -inf          inf 
        -inf          inf 
        -inf          inf 
        -inf          inf 
        -inf          inf 
        -inf          inf 
        -inf          inf 
        -inf          inf 
        -inf          inf 
        -inf          inf 
        -inf          inf 
50
   -0.346423      0.36075 
   -0.526798     0.762907 
   -0.908251      1.62949 
      -1.723      3.97535 
    -3.71067      12.7152 
    -10.0683      68.4347 
    -44.2856      1071.19 
    -579.879       169491 
    -85325.3  3.64041e+09 
-1.82029e+09  1.65673e+18 
-8.28365e+17  3.43095e+35 
-1.71547e+35  1.47142e+70 
-7.35712e+69 2.70636e+139 
-1.35318e+139  9.1555e+277 
-4.57775e+277          inf 
        -inf          inf 
        -inf          inf 
        -inf          inf 
        -inf          inf 
        -inf          inf 
        -inf          inf 
        -inf          inf 
        -inf          inf 
        -inf          inf 
        -inf          inf 
        -inf          inf 
        -inf          inf 
        -inf          inf 
        -inf          inf 
        -inf          inf 
        -inf          inf 
        -inf          inf 
        -inf          inf 
        -inf          inf 
        -inf          inf 
        -inf          inf 
        -inf          inf 
        -inf          inf 
        -inf          inf 
        -inf          inf 
        -inf          inf 
        -inf          inf 
        -inf          inf 
        -inf          inf 
        -inf          inf 
        -inf          inf 
        -inf          inf 
        -inf          inf 
        -inf          inf 
        -inf          inf 
50
   -0.361726     0.373307 
   -0.548379     0.797856 
   -0.947307      1.72021 
    -1.80741      4.25728 
    -3.93605      13.9715 
    -10.9218      79.0755 
    -50.4596      1377.39 
    -739.155       274922 
     -138200  9.54996e+09 
-4.77512e+09  1.14009e+19 
-5.70044e+18  1.62475e+37 
-8.12377e+36  3.29978e+73 
-1.64989e+73 1.36107e+146 
-6.80533e+145 2.31563e+291 
-1.15781e+291          inf 
        -inf          inf 
        -inf          inf 
        -inf          inf 
        -inf          inf 
        -inf          inf 
        -inf          inf 
        -inf          inf 
        -inf          inf 
        -inf          inf 
        -inf          inf 
        -inf          inf 
        -inf          inf 
        -inf          inf 
        -inf          inf 
        -inf          inf 
        -inf          inf 
        -inf          inf 
        -inf          inf 
        -inf          inf 
        -inf          inf 
        -inf          inf 
        -inf          inf 
        -inf          inf 
        -inf          inf 
        -inf          inf 
        -inf          inf 
        -inf          inf 
        -inf          inf 
        -inf          inf 
        -inf          inf 
        -inf          inf 
        -inf          inf 
        -inf          inf 
        -inf          inf 
        -inf          inf 
50
   -0.377148     0.385707 
   -0.570001     0.833159 
   -0.986581      1.81312 
    -1.89314      4.55168 
    -4.16898      15.3264 
    -11.8322      91.2425 
    -57.4534      1770.42 
    -942.662       446547 
     -224216  2.51371e+10 
-1.25687e+10  7.89867e+19 
-3.94934e+19  7.79863e+38 
-3.89931e+38  7.60233e+76 
-3.80116e+76 7.22443e+152 
-3.61221e+152 6.52404e+304 
-3.26202e+304          inf 
        -inf          inf 
        -inf          inf 
        -inf          inf 
        -inf          inf 
        -inf          inf 
        -inf          inf 
        -inf          inf 
        -inf          inf 
        -inf          inf 
        -inf          inf 
        -inf          inf 
        -inf          inf 
        -inf          inf 
        -inf          inf 
        -inf          inf 
        -inf          inf 
        -inf          inf 
        -inf          inf 
        -inf          inf 
        -inf          inf 
        -inf          inf 
        -inf          inf 
        -inf          inf 
        -inf          inf 
        -inf          inf 
        -inf          inf 
        -inf          inf 
        -inf          inf 
        -inf          inf 
        -inf          inf 
        -inf          inf 
        -inf          inf 
        -inf          inf 
        -inf          inf 
        -inf          inf 
50
    -0.39269     0.397949 
   -0.591664     0.868815 
    -1.02607      1.90826 
     -1.9802      4.85897 
    -4.40969      16.7865 
    -12.8029      105.145 
    -65.3756      2274.82 
    -1202.78       726221 
     -364313  6.63631e+10 
-3.31819e+10  5.50519e+20 
 -2.7526e+20  3.78839e+40 
 -1.8942e+40  1.79399e+80 
-8.96995e+79   4.023e+159 
-2.0115e+159          inf 
        -inf          inf 
        -inf          inf 
        -inf          inf 
        -inf          inf 
        -inf          inf 
        -inf          inf 
        -inf          inf 
        -inf          inf 
        -inf          inf 
        -inf          inf 
        -inf          inf 
        -inf          inf 
        -inf          inf 
        -inf          inf 
        -inf          inf 
        -inf          inf 
        -inf          inf 
        -inf          inf 
        -inf          inf 
        -inf          inf 
        -inf          inf 
        -inf          inf 
        -inf          inf 
        -inf          inf 
        -inf          inf 
        -inf          inf 
        -inf          inf 
        -inf          inf 
        -inf          inf 
        -inf          inf 
        -inf          inf 
        -inf          inf 
        -inf          inf 
        -inf          inf 
        -inf          inf 
        -inf          inf 
50
   -0.408353     0.410031 
   -0.613369     0.904826 
    -1.06578      2.00566 
    -2.06861      5.17955 
    -4.65839       18.359 
    -13.8379      121.022 
    -74.3488      2922.07 
    -1535.38  1.18239e+06 
     -592731  1.75667e+11 
-8.78339e+10   3.8574e+21 
 -1.9287e+21  1.85994e+42 
 -9.2997e+41  4.32422e+83 
-2.16211e+83 2.33736e+166 
-1.16868e+166          inf 
        -inf          inf 
        -inf          inf 
        -inf          inf 
        -inf          inf 
        -inf          inf 
        -inf          inf 
        -inf          inf 
        -inf          inf 
        -inf          inf 
        -inf          inf 
        -inf          inf 
        -inf          inf 
        -inf          inf 
        -inf          inf 
        -inf          inf 
        -inf          inf 
        -inf          inf 
        -inf          inf 
        -inf          inf 
        -inf          inf 
        -inf          inf 
        -inf          inf 
        -inf          inf 
        -inf          inf 
        -inf          inf 
        -inf          inf 
        -inf          inf 
        -inf          inf 
        -inf          inf 
        -inf          inf 
        -inf          inf 
        -inf          inf 
        -inf          inf 
        -inf          inf 
        -inf          inf 
        -inf          inf 
50
   -0.424139     0.421952 
   -0.635115     0.941194 
    -1.10571      2.10535 
    -2.15839      5.51386 
    -4.91532      20.0517 
    -14.9412      139.141 
    -84.5119      3752.53 
    -1960.78  1.92705e+06 
     -965488  4.66086e+11 
-2.33044e+11  2.71547e+22 
-1.35774e+22  9.21724e+43 
-4.60862e+43  1.06197e+87 
-5.30984e+86 1.40972e+173 
-7.0486e+172          inf 
        -inf          inf 
        -inf          inf 
        -inf          inf 
        -inf          inf 
        -inf          inf 
        -inf          inf 
        -inf          inf 
        -inf          inf 
        -inf          inf 
        -inf          inf 
        -inf          inf 
        -inf          inf 
        -inf          inf 
        -inf          inf 
        -inf          inf 
        -inf          inf 
        -inf          inf 
        -inf          inf 
        -inf          inf 
        -inf          inf 
        -inf          inf 
        -inf          inf 
        -inf          inf 
        -inf          inf 
        -inf          inf 
        -inf          inf 
        -inf          inf 
        -inf          inf 
        -inf          inf 
        -inf          inf 
        -inf          inf 
        -inf          inf 
        -inf          inf 
        -inf          inf 
        -inf          inf 
        -inf          inf 
50
   -0.440048     0.433709 
   -0.656902     0.977921 
    -1.14586      2.20735 
    -2.24954      5.86234 
    -5.18071      21.8726 
     -16.117       159.81 
    -96.0218      4817.91 
    -2504.98  3.14353e+06 
-1.57427e+06  1.23917e+12 
-6.19585e+11  1.91943e+23 
-9.59714e+22  4.60526e+45 
-2.30263e+45  2.65105e+90 
-1.32552e+90 8.78507e+179 
-4.39254e+179          inf 
        -inf          inf 
        -inf          inf 
        -inf          inf 
        -inf          inf 
        -inf          inf 
        -inf          inf 
        -inf          inf 
        -inf          inf 
        -inf          inf 
        -inf          inf 
        -inf          inf 
        -inf          inf 
        -inf          inf 
        -inf          inf 
        -inf          inf 
        -inf          inf 
        -inf          inf 
        -inf          inf 
        -inf          inf 
        -inf          inf 
        -inf          inf 
        -inf          inf 
        -inf          inf 
        -inf          inf 
        -inf          inf 
        -inf          inf 
        -inf          inf 
        -inf          inf 
        -inf          inf 
        -inf          inf 
        -inf          inf 
        -inf          inf 
        -inf          inf 
        -inf          inf 
        -inf          inf 
        -inf          inf 
50
   -0.456081     0.445302 
   -0.678732      1.01501 
    -1.18624       2.3117 
    -2.34209      6.22543 
     -5.4548      23.8302 
    -17.3699      183.372 
    -109.056      6184.51 
    -3201.31  5.13199e+06 
-2.56919e+06  3.30039e+12 
 -1.6502e+12  1.36157e+24 
-6.80786e+23  2.31735e+47 
-1.15867e+47  6.71263e+93 
-3.35632e+93 5.63243e+186 
-2.81621e+186          inf 
        -inf          inf 
        -inf          inf 
        -inf          inf 
        -inf          inf 
        -inf          inf 
        -inf          inf 
        -inf          inf 
        -inf          inf 
        -inf          inf 
        -inf          inf 
        -inf          inf 
        -inf          inf 
        -inf          inf 
        -inf          inf 
        -inf          inf 
        -inf          inf 
        -inf          inf 
        -inf          inf 
        -inf          inf 
        -inf          inf 
        -inf          inf 
        -inf          inf 
        -inf          inf 
        -inf          inf 
        -inf          inf 
        -inf          inf 
        -inf          inf 
        -inf          inf 
        -inf          inf 
        -inf          inf 
        -inf          inf 
        -inf          inf 
        -inf          inf 
        -inf          inf 
        -inf          inf 
        -inf          inf 
50
   -0.472239     0.456728 
   -0.700604      1.05245 
    -1.22683      2.41842 
    -2.43604       6.6036 
    -5.73784      25.9339 
    -18.7048      210.221 
    -123.815      7937.25 
    -4092.44  8.38402e+06 
 -4.1961e+06  8.80365e+12 
-4.40183e+12  9.68805e+24 
-4.84402e+24  1.17323e+49 
-5.86614e+48  1.72058e+97 
 -8.6029e+96 3.70049e+193 
-1.85025e+193          inf 
        -inf          inf 
        -inf          inf 
        -inf          inf 
        -inf          inf 
        -inf          inf 
        -inf          inf 
        -inf          inf 
        -inf          inf 
        -inf          inf 
        -inf          inf 
        -inf          inf 
        -inf          inf 
        -inf          inf 
        -inf          inf 
        -inf          inf 
        -inf          inf 
        -inf          inf 
        -inf          inf 
        -inf          inf 
        -inf          inf 
        -inf          inf 
        -inf          inf 
        -inf          inf 
        -inf          inf 
        -inf          inf 
        -inf          inf 
        -inf          inf 
        -inf          inf 
        -inf          inf 
        -inf          inf 
        -inf          inf 
        -inf          inf 
        -inf          inf 
        -inf          inf 
        -inf          inf 
        -inf          inf 
50
   -0.488524     0.467987 
   -0.722518      1.09026 
    -1.26765      2.52755 
    -2.53142      6.99732 
    -6.03008      28.1933 
    -20.1267        240.8 
    -140.527      10184.9 
    -5232.99  1.37049e+07 
-6.85768e+06  2.35139e+13 
-1.17569e+13  6.91129e+25 
-3.45564e+25  5.97074e+50 
-2.98537e+50 4.45622e+100 
-2.22811e+100 2.48223e+200 
-1.24112e+200          inf 
        -inf          inf 
        -inf          inf 
        -inf          inf 
        -inf          inf 
        -inf          inf 
        -inf          inf 
        -inf          inf 
        -inf          inf 
        -inf          inf 
        -inf          inf 
        -inf          inf 
        -inf          inf 
        -inf          inf 
        -inf          inf 
        -inf          inf 
        -inf          inf 
        -inf          inf 
        -inf          inf 
        -inf          inf 
        -inf          inf 
        -inf          inf 
        -inf          inf 
        -inf          inf 
        -inf          inf 
        -inf          inf 
        -inf          inf 
        -inf          inf 
        -inf          inf 
        -inf          inf 
        -inf          inf 
        -inf          inf 
        -inf          inf 
        -inf          inf 
        -inf          inf 
        -inf          inf 
        -inf          inf 
50
   -0.504936     0.479076 
   -0.744474      1.12843 
    -1.30869      2.63912 
    -2.62825      7.40709 
    -6.33179      30.6188 
    -21.6412       275.61 
    -159.446      13066.9 
    -6692.88  2.24137e+07 
-1.12136e+07   6.2872e+13 
 -3.1436e+13  4.94111e+26 
-2.47056e+26  3.05182e+52 
-1.52591e+52  1.1642e+104 
-5.82102e+103 1.69421e+207 
-8.47107e+206          inf 
        -inf          inf 
        -inf          inf 
        -inf          inf 
        -inf          inf 
        -inf          inf 
        -inf          inf 
        -inf          inf 
        -inf          inf 
        -inf          inf 
        -inf          inf 
        -inf          inf 
        -inf          inf 
        -inf          inf 
        -inf          inf 
        -inf          inf 
        -inf          inf 
        -inf          inf 
        -inf          inf 
        -inf          inf 
        -inf          inf 
        -inf          inf 
        -inf          inf 
        -inf          inf 
        -inf          inf 
        -inf          inf 
        -inf          inf 
        -inf          inf 
        -inf          inf 
        -inf          inf 
        -inf          inf 
        -inf          inf 
        -inf          inf 
        -inf          inf 
        -inf          inf 
        -inf          inf 
        -inf          inf 
50
   -0.521476     0.489994 
   -0.766473      1.16697 
    -1.34996      2.75315 
    -2.72653       7.8334 
    -6.64323      33.2213 
    -23.2539       315.22 
    -180.864      16761.5 
    -8561.61  3.66716e+07 
-1.83444e+07  1.68258e+14 
-8.41291e+13  3.53885e+27 
-1.76943e+27  1.56544e+54 
-7.82718e+53 3.06323e+107 
-1.53162e+107 1.17293e+214 
-5.86463e+213          inf 
        -inf          inf 
        -inf          inf 
        -inf          inf 
        -inf          inf 
        -inf          inf 
        -inf          inf 
        -inf          inf 
        -inf          inf 
        -inf          inf 
        -inf          inf 
        -inf          inf 
        -inf          inf 
        -inf          inf 
        -inf          inf 
        -inf          inf 
        -inf          inf 
        -inf          inf 
        -inf          inf 
        -inf          inf 
        -inf          inf 
        -inf          inf 
        -inf          inf 
        -inf          inf 
        -inf          inf 
        -inf          inf 
        -inf          inf 
        -inf          inf 
        -inf          inf 
        -inf          inf 
        -inf          inf 
        -inf          inf 
        -inf          inf 
        -inf          inf 
        -inf          inf 
        -inf          inf 
        -inf          inf 
50
   -0.538146      0.50074 
   -0.788516      1.20588 
    -1.39145      2.86967 
    -2.82629      8.27678 
    -6.96468      36.0125 
    -24.9709      360.271 
    -205.107      21497.2 
    -10953.7  6.00188e+07 
-3.00204e+07  4.50611e+14 
-2.25306e+14  2.53813e+28 
-1.26906e+28  8.05262e+55 
-4.02631e+55 8.10559e+110 
-4.0528e+110 8.21258e+220 
-4.10629e+220          inf 
        -inf          inf 
        -inf          inf 
        -inf          inf 
        -inf          inf 
        -inf          inf 
        -inf          inf 
        -inf          inf 
        -inf          inf 
        -inf          inf 
        -inf          inf 
        -inf          inf 
        -inf          inf 
        -inf          inf 
        -inf          inf 
        -inf          inf 
        -inf          inf 
        -inf          inf 
        -inf          inf 
        -inf          inf 
        -inf          inf 
        -inf          inf 
        -inf          inf 
        -inf          inf 
        -inf          inf 
        -inf          inf 
        -inf          inf 
        -inf          inf 
        -inf          inf 
        -inf          inf 
        -inf          inf 
        -inf          inf 
        -inf          inf 
        -inf          inf 
        -inf          inf 
        -inf          inf 
        -inf          inf 
50
   -0.554946      0.51131 
   -0.810601      1.24515 
    -1.43317      2.98873 
    -2.92754      8.73774 
    -7.29641      39.0048 
    -26.7988      411.492 
    -232.545      27566.3 
    -14015.7  9.82543e+07 
-4.91411e+07  1.20743e+15 
-6.03713e+14  1.82235e+29 
-9.11174e+28  4.15119e+57 
-2.07559e+57 2.15405e+114 
-1.07702e+114 5.79989e+227 
-2.89994e+227          inf 
        -inf          inf 
        -inf          inf 
        -inf          inf 
        -inf          inf 
        -inf          inf 
        -inf          inf 
        -inf          inf 
        -inf          inf 
        -inf          inf 
        -inf          inf 
        -inf          inf 
        -inf          inf 
        -inf          inf 
        -inf          inf 
        -inf          inf 
        -inf          inf 
        -inf          inf 
        -inf          inf 
        -inf          inf 
        -inf          inf 
        -inf          inf 
        -inf          inf 
        -inf          inf 
        -inf          inf 
        -inf          inf 
        -inf          inf 
        -inf          inf 
        -inf          inf 
        -inf          inf 
        -inf          inf 
        -inf          inf 
        -inf          inf 
        -inf          inf 
        -inf          inf 
        -inf          inf 
        -inf          inf 
50
   -0.571877     0.521705 
   -0.832729      1.28479 
    -1.47512      3.11035 
     -3.0303      9.21685 
    -7.63872      42.2112 
    -28.7443      469.702 
    -263.595      35342.7 
      -17935  1.60876e+08 
-8.04557e+07  3.23656e+15 
-1.61828e+15  1.30942e+30 
-6.54709e+29  2.14322e+59 
-1.07161e+59 5.74174e+117 
-2.87087e+117 4.12095e+234 
-2.06047e+234          inf 
        -inf          inf 
        -inf          inf 
        -inf          inf 
        -inf          inf 
        -inf          inf 
        -inf          inf 
        -inf          inf 
        -inf          inf 
        -inf          inf 
        -inf          inf 
        -inf          inf 
        -inf          inf 
        -inf          inf 
        -inf          inf 
        -inf          inf 
        -inf          inf 
        -inf          inf 
        -inf          inf 
        -inf          inf 
        -inf          inf 
        -inf          inf 
        -inf          inf 
        -inf          inf 
        -inf          inf 
        -inf          inf 
        -inf          inf 
        -inf          inf 
        -inf          inf 
        -inf          inf 
        -inf          inf 
        -inf          inf 
        -inf          inf 
        -inf          inf 
        -inf          inf 
        -inf          inf 
        -inf          inf 
50
   -0.588941     0.531922 
   -0.854902       1.3248 
     -1.5173      3.23456 
    -3.13458      9.71464 
     -7.9919      45.6458 
    -30.8148       535.83 
     -298.73      45304.9 
    -22951.2  2.63435e+08 
-1.31741e+08  8.67779e+15 
 -4.3389e+15  9.41301e+30 
 -4.7065e+30  1.10756e+61 
-5.53779e+60 1.53336e+121 
-7.66679e+120 2.93898e+241 
-1.46949e+241          inf 
        -inf          inf 
        -inf          inf 
        -inf          inf 
        -inf          inf 
        -inf          inf 
        -inf          inf 
        -inf          inf 
        -inf          inf 
        -inf          inf 
        -inf          inf 
        -inf          inf 
        -inf          inf 
        -inf          inf 
        -inf          inf 
        -inf          inf 
        -inf          inf 
        -inf          inf 
        -inf          inf 
        -inf          inf 
        -inf          inf 
        -inf          inf 
        -inf          inf 
        -inf          inf 
        -inf          inf 
        -inf          inf 
        -inf          inf 
        -inf          inf 
        -inf          inf 
        -inf          inf 
        -inf          inf 
        -inf          inf 
        -inf          inf 
        -inf          inf 
        -inf          inf 
        -inf          inf 
        -inf          inf 
50
   -0.606138     0.541959 
   -0.877118      1.36519 
    -1.55971      3.36139 
    -3.24041      10.2317 
    -8.35626      49.3234 
    -33.0179      610.925 
     -338.48      58064.6 
    -29370.8  4.31394e+08 
-2.15726e+08  2.32689e+16 
-1.16345e+16  6.76804e+31 
-3.38402e+31   5.7258e+62 
 -2.8629e+62 4.09809e+124 
-2.04905e+124 2.09929e+248 
-1.04965e+248          inf 
        -inf          inf 
        -inf          inf 
        -inf          inf 
        -inf          inf 
        -inf          inf 
        -inf          inf 
        -inf          inf 
        -inf          inf 
        -inf          inf 
        -inf          inf 
        -inf          inf 
        -inf          inf 
        -inf          inf 
        -inf          inf 
        -inf          inf 
        -inf          inf 
        -inf          inf 
        -inf          inf 
        -inf          inf 
        -inf          inf 
        -inf          inf 
        -inf          inf 
        -inf          inf 
        -inf          inf 
        -inf          inf 
        -inf          inf 
        -inf          inf 
        -inf          inf 
        -inf          inf 
        -inf          inf 
        -inf          inf 
        -inf          inf 
        -inf          inf 
        -inf          inf 
        -inf          inf 
        -inf          inf 
50
    -0.62347     0.551815 
   -0.899378      1.40594 
    -1.60235      3.49088 
    -3.34779      10.7686 
     -8.7321      53.2595 
    -35.3619      696.171 
    -383.447      74403.8 
    -37585.3  7.06422e+08 
-3.53249e+08  6.23923e+16 
-3.11962e+16    4.866e+32 
  -2.433e+32  2.95975e+64 
-1.47987e+64 1.09501e+128 
-5.47506e+127 1.49882e+255 
-7.49408e+254          inf 
        -inf          inf 
        -inf          inf 
        -inf          inf 
        -inf          inf 
        -inf          inf 
        -inf          inf 
        -inf          inf 
        -inf          inf 
        -inf          inf 
        -inf          inf 
        -inf          inf 
        -inf          inf 
        -inf          inf 
        -inf          inf 
        -inf          inf 
        -inf          inf 
        -inf          inf 
        -inf          inf 
        -inf          inf 
        -inf          inf 
        -inf          inf 
        -inf          inf 
        -inf          inf 
        -inf          inf 
        -inf          inf 
        -inf          inf 
        -inf          inf 
        -inf          inf 
        -inf          inf 
        -inf          inf 
        -inf          inf 
        -inf          inf 
        -inf          inf 
        -inf          inf 
        -inf          inf 
        -inf          inf 
50
   -0.640938     0.561488 
   -0.921682      1.44708 
    -1.64522      3.62306 
    -3.45675       11.326 
    -9.11976      57.4709 
    -37.8552      792.906 
    -434.308        95322 
    -48095.3   1.1567e+09 
-5.78397e+08  1.67272e+17 
-8.36358e+16  3.49747e+33 
-1.74874e+33  1.52904e+66 
 -7.6452e+65 2.92245e+131 
-1.46123e+131 1.06759e+262 
-5.33795e+261          inf 
        -inf          inf 
        -inf          inf 
        -inf          inf 
        -inf          inf 
        -inf          inf 
        -inf          inf 
        -inf          inf 
        -inf          inf 
        -inf          inf 
        -inf          inf 
        -inf          inf 
        -inf          inf 
        -inf          inf 
        -inf          inf 
        -inf          inf 
        -inf          inf 
        -inf          inf 
        -inf          inf 
        -inf          inf 
        -inf          inf 
        -inf          inf 
        -inf          inf 
        -inf          inf 
        -inf          inf 
        -inf          inf 
        -inf          inf 
        -inf          inf 
        -inf          inf 
        -inf          inf 
        -inf          inf 
        -inf          inf 
        -inf          inf 
        -inf          inf 
        -inf          inf 
        -inf          inf 
        -inf          inf 
50
   -0.658543     0.570976 
   -0.944031      1.48859 
    -1.68832      3.75797 
    -3.56731      11.9045 
    -9.51955      61.9751 
    -40.5071      902.642 
    -491.828       122096 
    -61539.8  1.89373e+09 
-9.46926e+08  4.48334e+17 
-2.24167e+17  2.51254e+34 
-1.25627e+34   7.8911e+67 
-3.94555e+67 7.78368e+134 
-3.89184e+134 7.57322e+268 
-3.78661e+268          inf 
        -inf          inf 
        -inf          inf 
        -inf          inf 
        -inf          inf 
        -inf          inf 
        -inf          inf 
        -inf          inf 
        -inf          inf 
        -inf          inf 
        -inf          inf 
        -inf          inf 
        -inf          inf 
        -inf          inf 
        -inf          inf 
        -inf          inf 
        -inf          inf 
        -inf          inf 
        -inf          inf 
        -inf          inf 
        -inf          inf 
        -inf          inf 
        -inf          inf 
        -inf          inf 
        -inf          inf 
        -inf          inf 
        -inf          inf 
        -inf          inf 
        -inf          inf 
        -inf          inf 
        -inf          inf 
        -inf          inf 
        -inf          inf 
        -inf          inf 
        -inf          inf 
        -inf          inf 
        -inf          inf 
50
   -0.676285     0.580277 
   -0.966424      1.53048 
    -1.73166      3.89564 
    -3.67948      12.5047 
    -9.93181       66.791 
    -43.3273      1027.08 
    -556.868       156357 
    -78735.3  3.09982e+09 
-1.54999e+09  1.20123e+18 
-6.00615e+17  1.80369e+35 
-9.01845e+34  4.06662e+69 
-2.03331e+69 2.06718e+138 
-1.03359e+138 5.34154e+275 
-2.67077e+275          inf 
        -inf          inf 
        -inf          inf 
        -inf          inf 
        -inf          inf 
        -inf          inf 
        -inf          inf 
        -inf          inf 
        -inf          inf 
        -inf          inf 
        -inf          inf 
        -inf          inf 
        -inf          inf 
        -inf          inf 
        -inf          inf 
        -inf          inf 
        -inf          inf 
        -inf          inf 
        -inf          inf 
        -inf          inf 
        -inf          inf 
        -inf          inf 
        -inf          inf 
        -inf          inf 
        -inf          inf 
        -inf          inf 
        -inf          inf 
        -inf          inf 
        -inf          inf 
        -inf          inf 
        -inf          inf 
        -inf          inf 
        -inf          inf 
        -inf          inf 
        -inf          inf 
        -inf          inf 
        -inf          inf 
50
   -0.694167      0.58939 
   -0.988862      1.57275 
    -1.77523      4.03609 
    -3.79328      13.1272 
    -10.3569      71.9383 
     -46.326      1168.15 
    -630.402       200186 
     -100724  5.07288e+09 
-2.53654e+09  3.21702e+18 
-1.60851e+18  1.29365e+36 
-6.46825e+35  2.09191e+71 
-1.04596e+71 5.47011e+141 
-2.73506e+141 3.74026e+282 
-1.87013e+282          inf 
        -inf          inf 
        -inf          inf 
        -inf          inf 
        -inf          inf 
        -inf          inf 
        -inf          inf 
        -inf          inf 
        -inf          inf 
        -inf          inf 
        -inf          inf 
        -inf          inf 
        -inf          inf 
        -inf          inf 
        -inf          inf 
        -inf          inf 
        -inf          inf 
        -inf          inf 
        -inf          inf 
        -inf          inf 
        -inf          inf 
        -inf          inf 
        -inf          inf 
        -inf          inf 
        -inf          inf 
        -inf          inf 
        -inf          inf 
        -inf          inf 
        -inf          inf 
        -inf          inf 
        -inf          inf 
        -inf          inf 
        -inf          inf 
        -inf          inf 
        -inf          inf 
        -inf          inf 
        -inf          inf 
50
   -0.712189     0.598313 
    -1.01135       1.6154 
    -1.81904      4.17937 
    -3.90873      13.7728 
    -10.7951       77.438 
    -49.5141      1328.02 
    -713.524       256243 
     -128835  8.29954e+09 
 -4.1499e+09  8.61083e+18 
-4.30542e+18   9.2683e+36 
-4.63415e+36  1.07377e+73 
-5.36884e+72 1.44122e+145 
-7.20612e+144 2.59641e+289 
-1.2982e+289          inf 
        -inf          inf 
        -inf          inf 
        -inf          inf 
        -inf          inf 
        -inf          inf 
        -inf          inf 
        -inf          inf 
        -inf          inf 
        -inf          inf 
        -inf          inf 
        -inf          inf 
        -inf          inf 
        -inf          inf 
        -inf          inf 
        -inf          inf 
        -inf          inf 
        -inf          inf 
        -inf          inf 
        -inf          inf 
        -inf          inf 
        -inf          inf 
        -inf          inf 
        -inf          inf 
        -inf          inf 
        -inf          inf 
        -inf          inf 
        -inf          inf 
        -inf          inf 
        -inf          inf 
        -inf          inf 
        -inf          inf 
        -inf          inf 
        -inf          inf 
        -inf          inf 
        -inf          inf 
        -inf          inf 
50
   -0.730352     0.607044 
    -1.03387      1.65843 
    -1.86309      4.32552 
    -4.02585      14.4422 
    -11.2469      83.3124 
    -52.9031      1509.13 
     -807.47       327917 
     -164766  1.35743e+10 
-6.78731e+09  2.30338e+19 
-1.15169e+19  6.63196e+37 
-3.31598e+37  5.49785e+74 
-2.74893e+74  3.7783e+148 
-1.88915e+148 1.78444e+296 
-8.92222e+295          inf 
        -inf          inf 
        -inf          inf 
        -inf          inf 
        -inf          inf 
        -inf          inf 
        -inf          inf 
        -inf          inf 
        -inf          inf 
        -inf          inf 
        -inf          inf 
        -inf          inf 
        -inf          inf 
        -inf          inf 
        -inf          inf 
        -inf          inf 
        -inf          inf 
        -inf          inf 
        -inf          inf 
        -inf          inf 
        -inf          inf 
        -inf          inf 
        -inf          inf 
        -inf          inf 
        -inf          inf 
        -inf          inf 
        -inf          inf 
        -inf          inf 
        -inf          inf 
        -inf          inf 
        -inf          inf 
        -inf          inf 
        -inf          inf 
        -inf          inf 
        -inf          inf 
        -inf          inf 
        -inf          inf 
50
   -0.748658      0.61558 
    -1.05645      1.70185 
    -1.90737      4.47456 
    -4.14465       15.136 
    -11.7126      89.5851 
    -56.5052      1714.25 
    -913.632       419533 
     -210680  2.21936e+10 
 -1.1097e+10  6.15718e+19 
-3.07859e+19  4.73886e+38 
-2.36943e+38   2.8071e+76 
-1.40355e+76 9.84974e+151 
-4.92487e+151 1.21272e+303 
-6.06358e+302          inf 
        -inf          inf 
        -inf          inf 
        -inf          inf 
        -inf          inf 
        -inf          inf 
        -inf          inf 
        -inf          inf 
        -inf          inf 
        -inf          inf 
        -inf          inf 
        -inf          inf 
        -inf          inf 
        -inf          inf 
        -inf          inf 
        -inf          inf 
        -inf          inf 
        -inf          inf 
        -inf          inf 
        -inf          inf 
        -inf          inf 
        -inf          inf 
        -inf          inf 
        -inf          inf 
        -inf          inf 
        -inf          inf 
        -inf          inf 
        -inf          inf 
        -inf          inf 
        -inf          inf 
        -inf          inf 
        -inf          inf 
        -inf          inf 
        -inf          inf 
        -inf          inf 
        -inf          inf 
        -inf          inf 
