50
    0.280354    -0.307254 
    0.269918    -0.297713 
    0.259402    -0.287946 
    0.248804     -0.27795 
    0.238124    -0.267722 
    0.227361    -0.257256 
    0.216515    -0.246551 
    0.205585    -0.235601 
     0.19457    -0.224403 
     0.18347    -0.212953 
    0.172284    -0.201246 
    0.161012    -0.189279 
    0.149652    -0.177048 
    0.138204    -0.164547 
    0.126667    -0.151773 
    0.115041    -0.138722 
    0.103325    -0.125388 
   0.0915186    -0.111768 
   0.0796202   -0.0978564 
   0.0676297   -0.0836488 
   0.0555461   -0.0691405 
   0.0433689   -0.0543266 
   0.0310972   -0.0392022 
   0.0187304   -0.0237624 
   0.0062676  -0.00800199 
 -0.00629187   0.00808406 
  -0.0189488     0.024501 
  -0.0317039    0.0412541 
  -0.0445581    0.0583489 
   -0.057512    0.0757907 
  -0.0705665    0.0935851 
  -0.0837224     0.111738 
  -0.0969805     0.130254 
   -0.110342     0.149141 
   -0.123806     0.168403 
   -0.137376     0.188047 
   -0.151051     0.208079 
   -0.164832     0.228505 
   -0.178721     0.249331 
   -0.192717     0.270564 
   -0.206823      0.29221 
   -0.221038     0.314276 
   -0.235363     0.336769 
   -0.249801     0.359695 
    -0.26435     0.383061 
   -0.279013     0.406875 
   -0.293791     0.431143 
   -0.308683     0.455872 
   -0.323691     0.481071 
   -0.338816     0.506746 
