50 
50
 7.88205e-13  6.15412e-13 
 1.29296e-12  1.00951e-12 
 2.12096e-12    1.656e-12 
  3.4792e-12  2.71648e-12 
 5.70724e-12  4.45608e-12 
 9.36209e-12   7.3097e-12 
 1.53575e-11  1.19907e-11 
 2.51922e-11  1.96695e-11 
  4.1325e-11  3.22656e-11 
  6.7789e-11   5.2928e-11 
   1.112e-10  8.68225e-11 
 1.82412e-10  1.42423e-10 
 2.99226e-10  2.33628e-10 
 4.90847e-10  3.83241e-10 
 8.05179e-10  6.28665e-10 
 1.32081e-09  1.03125e-09 
 2.16663e-09  1.69166e-09 
 3.55412e-09  2.77497e-09 
 5.83014e-09  4.55203e-09 
 9.56369e-09   7.4671e-09 
 1.56882e-08  1.22489e-08 
 2.57347e-08   2.0093e-08 
 4.22149e-08  3.29604e-08 
 6.92488e-08  5.40678e-08 
 1.13595e-07  8.86922e-08 
  1.8634e-07   1.4549e-07 
 3.05669e-07  2.38659e-07 
 5.01416e-07  3.91494e-07 
 8.22518e-07  6.42202e-07 
 1.34925e-06  1.05346e-06 
 2.21329e-06  1.72808e-06 
 3.63065e-06  2.83473e-06 
 5.95568e-06  4.65005e-06 
 9.76961e-06  7.62787e-06 
 1.60259e-05  1.25126e-05 
 2.62886e-05  2.05255e-05 
 4.31234e-05  3.36694e-05 
 7.07385e-05  5.52302e-05 
 0.000116037  9.05969e-05 
 0.000190341  0.000148609 
 0.000312222  0.000243761 
 0.000512133  0.000399823 
 0.000840013  0.000655759 
  0.00137772   0.00107541 
  0.00225938   0.00176332 
  0.00370461   0.00289046 
  0.00607256    0.0047359 
  0.00994944   0.00775375 
   0.0162889     0.012679 
   0.0266343    0.0206908 
50
   0.0160065    0.0128269 
   0.0263575     0.020702 
   0.0431242    0.0335334 
    0.070207    0.0541656 
    0.113609    0.0868046 
    0.182187     0.137156 
    0.288014     0.211653 
    0.445106     0.314184 
    0.663944     0.437677 
    0.938564     0.549238 
      1.2276     0.578069 
     1.44678      0.43837 
     1.50437     0.115171 
     1.37226    -0.264207 
     1.11245     -0.51963 
    0.821361    -0.582178 
    0.566954    -0.508814 
    0.373926    -0.386055 
    0.239425    -0.269003 
    0.150448    -0.177952 
   0.0934257    -0.114046 
   0.0575772    -0.071697 
   0.0352942   -0.0445659 
   0.0215234   -0.0275417 
   0.0130176   -0.0170116 
  0.00772387   -0.0105875 
  0.00434618  -0.00675539 
  0.00205031  -0.00459174 
  0.00026596  -0.00356869 
 -0.00145191  -0.00343575 
 -0.00353329  -0.00416276 
 -0.00650112  -0.00593565 
  -0.0111048  -0.00920734 
  -0.0185155   -0.0148214 
  -0.0306408   -0.0242505 
  -0.0506609   -0.0400403 
   -0.083988   -0.0666541 
   -0.140075    -0.112175 
   -0.236087    -0.192023 
   -0.405055    -0.337936 
   -0.716304    -0.622498 
     -1.3349      -1.2372 
    -2.73271     -2.79563 
    -6.68064     -7.89585 
    -23.4565     -33.5516 
    -183.648     -320.383 
    -8821.38     -17275.5 
-1.94738e+07 -3.89301e+07 
-9.48077e+13 -1.89615e+14 
-2.24713e+27 -4.49425e+27 
50
   0.0318553    0.0261814 
   0.0526561    0.0416016 
   0.0859278    0.0665434 
    0.138836     0.105815 
    0.221633     0.165596 
    0.347559     0.251852 
    0.530175     0.365232 
    0.775064     0.489777 
     1.06354     0.576947 
     1.33512      0.54316 
     1.49484     0.319449 
     1.46964   -0.0504061 
     1.27189    -0.395506 
    0.987681     -0.56841 
    0.706518    -0.562326 
    0.477192    -0.458651 
    0.310237    -0.333911 
    0.196778    -0.226916 
    0.122834    -0.147888 
   0.0758268   -0.0940151 
   0.0463385   -0.0589765 
   0.0278981   -0.0368809 
   0.0162376    -0.023321 
  0.00857058    -0.015334 
  0.00302785   -0.0110855 
 -0.00176022  -0.00957612 
 -0.00698911   -0.0104578 
  -0.0139775   -0.0139768 
  -0.0245091   -0.0210632 
  -0.0413181   -0.0336181 
  -0.0688835   -0.0551307 
   -0.114856   -0.0919449 
    -0.19284    -0.155969 
   -0.328332    -0.270983 
   -0.572857     -0.48905 
    -1.04264     -0.93956 
    -2.04485     -2.00442 
    -4.60362     -5.11755 
    -13.6116      -18.016 
    -72.3418      -117.46 
    -1457.49      -2770.3 
     -534278 -1.06564e+06 
-7.13643e+10 -1.42728e+11 
-1.27322e+21 -2.54643e+21 
 -4.0527e+41 -8.10541e+41 
 -4.1061e+82  -8.2122e+82 
-4.21502e+164 -8.43003e+164 
        -inf         -inf 
        -inf         -inf 
        -inf         -inf 
50
   0.0475481    0.0400528 
   0.0788963    0.0626965 
    0.128412    0.0990323 
    0.205909     0.154994 
    0.324284     0.236749 
    0.497439     0.346311 
    0.733093     0.471308 
     1.01766     0.569141 
     1.29774     0.560154 
     1.48122     0.366958 
      1.4865    0.0105622 
     1.31099     -0.35103 
     1.03355    -0.554879 
    0.747439    -0.572215 
    0.508525    -0.477828 
    0.332093    -0.352864 
    0.211112    -0.241961 
    0.131768    -0.158689 
    0.081025    -0.101486 
   0.0488969   -0.0642562 
   0.0283953   -0.0410032 
   0.0147909   -0.0272087 
  0.00482955   -0.0199227 
 -0.00393024   -0.0175196 
  -0.0136764   -0.0194924 
  -0.0268885   -0.0264242 
  -0.0470035   -0.0402299 
  -0.0794216   -0.0648363 
   -0.133272    -0.107701 
   -0.224881    -0.183218 
   -0.385353    -0.320944 
   -0.679288    -0.587869 
     -1.2584     -1.15823 
    -2.54801     -2.57922 
    -6.09771     -7.09941 
    -20.4674     -28.7393 
    -144.682      -248.43 
    -5538.31     -10787.3 
-7.68053e+06   -1.535e+07 
-1.47476e+13 -2.94953e+13 
-5.43733e+25 -1.08747e+26 
-7.39114e+50 -1.47823e+51 
-1.36572e+101 -2.73145e+101 
 -4.663e+201 -9.32599e+201 
        -inf         -inf 
        -inf         -inf 
        -inf         -inf 
        -inf         -inf 
        -inf         -inf 
        -inf         -inf 
50
   0.0630864    0.0544309 
    0.105078    0.0839841 
     0.17058     0.131003 
    0.271452     0.201744 
    0.421765     0.300627 
    0.633048     0.422566 
    0.902406     0.538715 
     1.19378      0.58275 
     1.42732     0.467084 
     1.50838      0.16212 
     1.39773    -0.221298 
      1.1481    -0.499261 
    0.855963     -0.58428 
    0.594646    -0.522635 
    0.393589    -0.402114 
    0.252201    -0.282776 
    0.157962    -0.188478 
   0.0969751    -0.121973 
   0.0578812   -0.0781878 
     0.03242   -0.0509223 
   0.0148011   -0.0352378 
 0.000827752   -0.0279468 
  -0.0129389   -0.0275332 
  -0.0299821   -0.0340864 
  -0.0547455   -0.0495269 
  -0.0939446   -0.0783982 
   -0.158836    -0.129783 
   -0.269744    -0.221816 
   -0.466278    -0.393069 
   -0.833736    -0.734916 
    -1.58341     -1.49934 
    -3.35573     -3.54464 
     -8.7822     -10.8529 
     -35.686     -53.8075 
    -389.883     -708.395 
    -38843.8     -76907.8 
-3.77297e+08 -7.54517e+08 
-3.55883e+16 -7.11766e+16 
-3.16632e+32 -6.33264e+32 
 -2.5064e+64 -5.01279e+64 
-1.57051e+128 -3.14101e+128 
-6.16623e+255 -1.23325e+256 
        -inf         -inf 
        -inf         -inf 
        -inf         -inf 
        -inf         -inf 
        -inf         -inf 
        -inf         -inf 
        -inf         -inf 
        -inf         -inf 
50
   0.0784717    0.0693052 
    0.131203     0.105462 
    0.212431     0.162456 
    0.335485     0.246109 
    0.514273     0.357576 
     0.75551     0.482474 
     1.04293     0.574831 
     1.31915     0.552447 
     1.49012     0.341944 
     1.47851   -0.0232263 
     1.29003    -0.376966 
     1.00801    -0.564036 
    0.723972    -0.568072 
    0.489895    -0.468153 
    0.318293    -0.343204 
    0.200936    -0.234713 
     0.12372    -0.154433 
   0.0736068    -0.100226 
   0.0405409   -0.0661317 
   0.0171994   -0.0466831 
 -0.00191628   -0.0382313 
  -0.0215119   -0.0391913 
  -0.0466012   -0.0501786 
  -0.0838837    -0.074565 
   -0.143896    -0.120025 
   -0.245059    -0.202326 
   -0.422501    -0.354883 
   -0.750195    -0.655387 
    -1.40614     -1.31188 
    -2.90791     -3.00356 
    -7.25066     -8.68549 
    -26.5491     -38.5969 
    -228.698     -404.299 
    -13563.8     -26670.1 
-4.60242e+07 -9.20212e+07 
-5.29556e+14 -1.05911e+15 
-7.01074e+28 -1.40215e+29 
-1.22876e+57 -2.45752e+57 
-3.77463e+113 -7.54927e+113 
-3.56197e+226 -7.12393e+226 
        -inf         -inf 
        -inf         -inf 
        -inf         -inf 
        -inf         -inf 
        -inf         -inf 
        -inf         -inf 
        -inf         -inf 
        -inf         -inf 
        -inf         -inf 
        -inf         -inf 
50
   0.0937057    0.0846658 
     0.15727     0.127128 
    0.253968     0.193396 
    0.398033      0.28813 
    0.601999     0.407932 
    0.865864      0.52773 
     1.15876     0.585802 
     1.40567     0.493816 
     1.51002     0.208694 
     1.42183    -0.176376 
      1.1837    -0.476263 
    0.891207    -0.584986 
    0.622953    -0.536508 
     0.41342    -0.419067 
    0.264513    -0.297815 
    0.164242    -0.200542 
   0.0982873    -0.131909 
   0.0544896   -0.0875954 
    0.023572   -0.0618351 
 -0.00159147    -0.050327 
  -0.0271534    -0.051124 
  -0.0596881   -0.0650693 
   -0.108035   -0.0966947 
    -0.18631    -0.156548 
   -0.319839    -0.267059 
   -0.558902    -0.478127 
    -1.01578    -0.913764 
    -1.98457     -1.93756 
    -4.43412      -4.8991 
    -12.9075     -16.9469 
     -66.259     -106.703 
    -1233.74     -2334.96 
     -383238      -764009 
-3.67187e+10 -7.34366e+10 
-3.37066e+20 -6.74131e+20 
-2.84033e+40 -5.68067e+40 
-2.01687e+80 -4.03375e+80 
-1.01694e+160 -2.03389e+160 
        -inf         -inf 
        -inf         -inf 
        -inf         -inf 
        -inf         -inf 
        -inf         -inf 
        -inf         -inf 
        -inf         -inf 
        -inf         -inf 
        -inf         -inf 
        -inf         -inf 
        -inf         -inf 
        -inf         -inf 
50
     0.10879     0.100503 
     0.18328      0.14898 
    0.295192     0.223824 
    0.459117     0.327851 
    0.685125     0.452015 
    0.965065      0.55988 
     1.25343     0.576737 
     1.46239     0.417906 
     1.50229    0.0798122 
     1.35355    -0.297483 
     1.08517    -0.536758 
    0.793687    -0.582971 
    0.543138    -0.501097 
    0.354625    -0.377027 
    0.223327    -0.262594 
    0.135393    -0.175868 
   0.0767247    -0.117337 
   0.0357656   -0.0819182 
  0.00342806    -0.064675 
  -0.0280554   -0.0629669 
  -0.0667494   -0.0773881 
   -0.123245    -0.112991 
   -0.214349    -0.182208 
   -0.370526    -0.312355 
   -0.653657    -0.566262 
    -1.20702     -1.10672 
    -2.42636     -2.43868 
    -5.72409     -6.59547 
    -18.6442     -25.8401 
    -123.127     -208.965 
    -4048.43      -7850.6 
-4.10643e+06 -8.20476e+06 
-4.21569e+12 -8.43138e+12 
-4.44302e+24 -8.88604e+24 
 -4.9351e+48 -9.87021e+48 
-6.08881e+96 -1.21776e+97 
-9.26841e+192 -1.85368e+193 
        -inf         -inf 
        -inf         -inf 
        -inf         -inf 
        -inf         -inf 
        -inf         -inf 
        -inf         -inf 
        -inf         -inf 
        -inf         -inf 
        -inf         -inf 
        -inf         -inf 
        -inf         -inf 
        -inf         -inf 
        -inf         -inf 
50
    0.123725     0.116807 
    0.209233     0.171015 
    0.336104     0.253743 
     0.51876     0.365312 
    0.763828     0.490136 
     1.05399     0.580333 
     1.32993     0.551878 
     1.49618     0.332483 
     1.47683   -0.0386995 
     1.28143    -0.390794 
    0.995874    -0.571109 
    0.711347    -0.569055 
    0.478153    -0.466388 
    0.307339    -0.341627 
    0.189746    -0.235186 
    0.110589    -0.158315 
    0.056021    -0.109135 
   0.0146739   -0.0826941 
  -0.0230585   -0.0754648 
  -0.0666884   -0.0872599 
   -0.128102    -0.122828 
   -0.225644    -0.195084 
   -0.392326    -0.333364 
    -0.69557    -0.606487 
    -1.29366     -1.19618 
    -2.63355     -2.67979 
    -6.36574     -7.46436 
      -21.82     -30.9085 
    -161.757     -279.875 
    -6883.49     -13443.5 
-1.18609e+07 -2.37081e+07 
-3.51706e+13 -7.03411e+13 
-3.09242e+26 -6.18484e+26 
-2.39076e+52 -4.78153e+52 
-1.42894e+104 -2.85788e+104 
-5.10467e+207 -1.02093e+208 
        -inf         -inf 
        -inf         -inf 
        -inf         -inf 
        -inf         -inf 
        -inf         -inf 
        -inf         -inf 
        -inf         -inf 
        -inf         -inf 
        -inf         -inf 
        -inf         -inf 
        -inf         -inf 
        -inf         -inf 
        -inf         -inf 
        -inf         -inf 
50
    0.138514     0.133568 
     0.23513     0.193232 
    0.376707     0.283154 
    0.576983     0.400553 
    0.838278      0.52259 
     1.13347     0.590374 
     1.39083     0.514735 
      1.5123     0.242943 
     1.44009    -0.144437 
     1.20943    -0.461317 
    0.915447    -0.587961 
    0.640817    -0.549259 
     0.42373    -0.434174 
    0.267689    -0.312082 
    0.160656    -0.214066 
   0.0873345    -0.146643 
   0.0339396     -0.10679 
  -0.0112584    -0.090396 
  -0.0593026   -0.0960885 
   -0.123052    -0.127498 
   -0.221349    -0.196595 
   -0.387233    -0.331767 
   -0.687412    -0.600358 
    -1.27758     -1.18033 
    -2.59519     -2.63522 
    -6.24535     -7.30032 
     -21.208     -29.9252 
    -153.917     -265.418 
    -6247.71     -12187.6 
-9.77238e+06 -1.95323e+07 
-2.38749e+13 -4.77497e+13 
-1.42502e+26 -2.85005e+26 
-5.07673e+51 -1.01535e+52 
-6.44329e+102 -1.28866e+103 
-1.0379e+205 -2.0758e+205 
        -inf         -inf 
        -inf         -inf 
        -inf         -inf 
        -inf         -inf 
        -inf         -inf 
        -inf         -inf 
        -inf         -inf 
        -inf         -inf 
        -inf         -inf 
        -inf         -inf 
        -inf         -inf 
        -inf         -inf 
        -inf         -inf 
        -inf         -inf 
        -inf         -inf 
50
    0.153157     0.150777 
    0.260971     0.215627 
    0.417001      0.31206 
    0.633808     0.433615 
     0.90864     0.549663 
     1.20422      0.59117 
     1.43833     0.468203 
     1.51481     0.152975 
     1.39634    -0.236949 
     1.13951    -0.513661 
    0.842936    -0.593147 
    0.579461     -0.52695 
    0.376908    -0.405107 
    0.233067    -0.287682 
    0.133912    -0.198309 
   0.0637523    -0.140319 
  0.00851456    -0.110475 
  -0.0446126    -0.106254 
   -0.109391    -0.129556 
   -0.204508    -0.190234 
   -0.361208      -0.3134 
   -0.640827    -0.559239 
    -1.18332     -1.08498 
     -2.3717     -2.37676 
    -5.55924     -6.37509 
    -17.8629     -24.6073 
    -114.403      -193.08 
    -3511.56     -6794.31 
-3.09055e+06 -6.17408e+06 
-2.38788e+12 -4.77576e+12 
-1.42549e+24 -2.85099e+24 
-5.08009e+47 -1.01602e+48 
-6.45183e+94 -1.29037e+95 
-1.04065e+189 -2.0813e+189 
        -inf         -inf 
        -inf         -inf 
        -inf         -inf 
        -inf         -inf 
        -inf         -inf 
        -inf         -inf 
        -inf         -inf 
        -inf         -inf 
        -inf         -inf 
        -inf         -inf 
        -inf         -inf 
        -inf         -inf 
        -inf         -inf 
        -inf         -inf 
        -inf         -inf 
        -inf         -inf 
50
    0.167657     0.168425 
    0.286756     0.238199 
    0.456988     0.340463 
    0.689256     0.464538 
    0.975071     0.571629 
     1.26696     0.583783 
      1.4743     0.414667 
     1.50682    0.0650412 
     1.34842    -0.316798 
     1.07257    -0.551704 
    0.777255    -0.590619 
    0.525228    -0.504055 
    0.335541    -0.379373 
    0.201593    -0.267896 
    0.107884    -0.187419 
   0.0382351    -0.139297 
  -0.0222202    -0.120911 
   -0.088354    -0.132268 
   -0.178528    -0.180348 
   -0.321302    -0.285548 
    -0.57021    -0.497816 
    -1.04295     -0.94549 
    -2.04838     -2.01084 
    -4.61486     -5.13296 
    -13.6593     -18.0888 
    -72.7624     -118.206 
    -1473.65     -2801.77 
     -546154 -1.08936e+06 
-7.45722e+10 -1.49143e+11 
-1.39025e+21  -2.7805e+21 
  -4.832e+41   -9.664e+41 
-5.83706e+82 -1.16741e+83 
-8.51781e+164 -1.70356e+165 
        -inf         -inf 
        -inf         -inf 
        -inf         -inf 
        -inf         -inf 
        -inf         -inf 
        -inf         -inf 
        -inf         -inf 
        -inf         -inf 
        -inf         -inf 
        -inf         -inf 
        -inf         -inf 
        -inf         -inf 
        -inf         -inf 
        -inf         -inf 
        -inf         -inf 
        -inf         -inf 
        -inf         -inf 
50
    0.182013     0.186504 
    0.312486     0.260946 
    0.496669     0.368365 
    0.743348      0.49336 
     1.03772      0.58875 
     1.32231     0.569177 
     1.50035     0.356078 
     1.49071   -0.0192729 
      1.2982    -0.385031 
      1.0089    -0.578592 
    0.717362    -0.583083 
    0.476509    -0.481706 
    0.298017    -0.356982 
    0.171827    -0.252381 
   0.0812123    -0.181229 
  0.00925181    -0.143921 
  -0.0604172    -0.139338 
   -0.146103    -0.171372 
   -0.273651    -0.255096 
   -0.488333    -0.429364 
   -0.884716    -0.792765 
    -1.69796     -1.62648 
    -3.65645     -3.91699 
    -9.87148     -12.4301 
    -42.9159     -66.0889 
    -547.133     -1008.43 
    -76026.8      -150959 
-1.44519e+09 -2.89023e+09 
-5.22144e+17 -1.04429e+18 
-6.81585e+34 -1.36317e+35 
 -1.1614e+69 -2.32279e+69 
-3.3721e+137 -6.74421e+137 
-2.84277e+274 -5.68555e+274 
        -inf         -inf 
        -inf         -inf 
        -inf         -inf 
        -inf         -inf 
        -inf         -inf 
        -inf         -inf 
        -inf         -inf 
        -inf         -inf 
        -inf         -inf 
        -inf         -inf 
        -inf         -inf 
        -inf         -inf 
        -inf         -inf 
        -inf         -inf 
        -inf         -inf 
        -inf         -inf 
        -inf         -inf 
50
    0.196229     0.205003 
    0.338161     0.283865 
    0.536046     0.395769 
    0.796105     0.520119 
     1.09675      0.60128 
     1.37086     0.548228 
     1.51787      0.29403 
     1.46837   -0.0990037 
     1.24693    -0.442876 
    0.948518    -0.596831 
    0.662311    -0.572416 
    0.432017    -0.460588 
    0.263067    -0.337899 
    0.142583    -0.240967 
    0.052663    -0.179841 
   -0.024785    -0.154896 
   -0.108583    -0.167596 
   -0.222474    -0.227782 
   -0.404357    -0.363766 
   -0.728206    -0.647697 
    -1.36668     -1.27694 
    -2.81377     -2.89418 
    -6.94362     -8.25971 
    -24.8629     -35.8385 
    -203.538     -357.351 
    -10790.1       -21173 
-2.91304e+07 -5.82392e+07 
-2.12145e+14  -4.2429e+14 
-1.12514e+28 -2.25028e+28 
-3.16484e+55 -6.32967e+55 
-2.50405e+110 -5.00809e+110 
-1.56756e+220 -3.13513e+220 
        -inf         -inf 
        -inf         -inf 
        -inf         -inf 
        -inf         -inf 
        -inf         -inf 
        -inf         -inf 
        -inf         -inf 
        -inf         -inf 
        -inf         -inf 
        -inf         -inf 
        -inf         -inf 
        -inf         -inf 
        -inf         -inf 
        -inf         -inf 
        -inf         -inf 
        -inf         -inf 
        -inf         -inf 
        -inf         -inf 
50
    0.210305     0.223916 
    0.363782     0.306954 
     0.57512     0.422676 
    0.847547     0.544855 
     1.15228      0.60946 
     1.41314     0.521728 
     1.52805     0.229815 
     1.44123    -0.173627 
     1.19544    -0.491588 
    0.891237    -0.608407 
    0.611267     -0.55994 
    0.390702     -0.44113 
     0.22965    -0.322103 
    0.112826    -0.233648 
   0.0210264      -0.1836 
  -0.0656274    -0.173308 
   -0.169765    -0.208275 
   -0.323548    -0.307567 
    -0.58439    -0.521683 
    -1.07671    -0.984634 
    -2.12802     -2.10264 
    -4.84347     -5.43089 
    -14.6346     -19.5822 
    -81.6271     -133.985 
    -1834.77     -3506.29 
     -845645 -1.68762e+06 
-1.78781e+11  -3.5756e+11 
-7.99065e+21 -1.59813e+22 
-1.59626e+43 -3.19252e+43 
-6.37013e+85 -1.27403e+86 
-1.01446e+171 -2.02893e+171 
        -inf         -inf 
        -inf         -inf 
        -inf         -inf 
        -inf         -inf 
        -inf         -inf 
        -inf         -inf 
        -inf         -inf 
        -inf         -inf 
        -inf         -inf 
        -inf         -inf 
        -inf         -inf 
        -inf         -inf 
        -inf         -inf 
        -inf         -inf 
        -inf         -inf 
        -inf         -inf 
        -inf         -inf 
        -inf         -inf 
        -inf         -inf 
50
    0.224242     0.243232 
    0.389348     0.330211 
    0.613892     0.449089 
    0.897694     0.567603 
     1.20446     0.613523 
     1.44965     0.490394 
     1.53189     0.164474 
     1.41043    -0.242924 
     1.14425    -0.532363 
    0.836801     -0.61489 
    0.563497    -0.546608 
    0.351686    -0.423623 
    0.196875    -0.309622 
   0.0815924    -0.230565 
  -0.0149561    -0.193097 
     -0.1153    -0.200687 
   -0.247791    -0.264984 
   -0.457581     -0.41958 
   -0.834111     -0.75306 
     -1.5931     -1.51799 
    -3.38487     -3.58353 
    -8.88719     -11.0046 
    -36.3568     -54.9393 
     -403.37     -734.027 
    -41548.1     -82289.6 
-4.31655e+08 -8.63227e+08 
-4.65816e+16 -9.31631e+16 
-5.42461e+32 -1.08492e+33 
-7.35659e+64 -1.47132e+65 
-1.35298e+129 -2.70597e+129 
-4.57642e+257 -9.15284e+257 
        -inf         -inf 
        -inf         -inf 
        -inf         -inf 
        -inf         -inf 
        -inf         -inf 
        -inf         -inf 
        -inf         -inf 
        -inf         -inf 
        -inf         -inf 
        -inf         -inf 
        -inf         -inf 
        -inf         -inf 
        -inf         -inf 
        -inf         -inf 
        -inf         -inf 
        -inf         -inf 
        -inf         -inf 
        -inf         -inf 
        -inf         -inf 
50
    0.238042     0.262945 
     0.41486     0.353634 
    0.652365      0.47501 
    0.946566     0.588402 
     1.25341     0.613692 
     1.48085     0.454877 
     1.53027    0.0988435 
     1.37683    -0.306887 
     1.09368    -0.566301 
    0.784914    -0.617528 
    0.518356    -0.533116 
    0.314214    -0.408285 
    0.163942    -0.300543 
   0.0479374     -0.23201 
  -0.0566579     -0.20919 
    -0.17622    -0.239124 
   -0.347601    -0.342761 
   -0.636088    -0.576975 
    -1.18475     -1.09732 
    -2.38051     -2.39151 
    -5.58809     -6.41517 
    -17.9994     -24.8226 
    -115.905     -195.811 
    -3601.28     -6970.75 
-3.25029e+06 -6.49339e+06 
-2.64111e+12 -5.28222e+12 
-1.74387e+24 -3.48773e+24 
-7.60268e+47 -1.52054e+48 
-1.44502e+95 -2.89004e+95 
-5.2202e+189 -1.04404e+190 
        -inf         -inf 
        -inf         -inf 
        -inf         -inf 
        -inf         -inf 
        -inf         -inf 
        -inf         -inf 
        -inf         -inf 
        -inf         -inf 
        -inf         -inf 
        -inf         -inf 
        -inf         -inf 
        -inf         -inf 
        -inf         -inf 
        -inf         -inf 
        -inf         -inf 
        -inf         -inf 
        -inf         -inf 
        -inf         -inf 
        -inf         -inf 
        -inf         -inf 
50
    0.251707     0.283046 
    0.440318     0.377222 
    0.690538     0.500441 
    0.994182     0.607288 
     1.29927      0.61018 
     1.50715     0.415762 
     1.52394    0.0335828 
     1.34112    -0.365649 
     1.04393     -0.59439 
    0.735266    -0.617318 
     0.47527    -0.519993 
    0.277621    -0.395299 
    0.130108    -0.295025 
   0.0108905    -0.238435 
   -0.105634    -0.233049 
   -0.251357    -0.291445 
   -0.475714    -0.448714 
   -0.875575    -0.799722 
    -1.68599     -1.62082 
    -3.62853     -3.88509 
    -9.76978     -12.2825 
    -42.2156     -64.8917 
    -530.755     -977.079 
    -71577.2      -142093 
-1.28098e+09 -2.56183e+09 
-4.10231e+17 -8.20461e+17 
-4.20723e+34 -8.41445e+34 
-4.42519e+68 -8.85038e+68 
-4.89558e+136 -9.79116e+136 
-5.99167e+272 -1.19833e+273 
        -inf         -inf 
        -inf         -inf 
        -inf         -inf 
        -inf         -inf 
        -inf         -inf 
        -inf         -inf 
        -inf         -inf 
        -inf         -inf 
        -inf         -inf 
        -inf         -inf 
        -inf         -inf 
        -inf         -inf 
        -inf         -inf 
        -inf         -inf 
        -inf         -inf 
        -inf         -inf 
        -inf         -inf 
        -inf         -inf 
        -inf         -inf 
        -inf         -inf 
50
    0.265238     0.303527 
    0.465723     0.400971 
    0.728415     0.525383 
     1.04056     0.624297 
     1.34216     0.603192 
     1.52895     0.373576 
     1.51355   -0.0307901 
     1.30384    -0.419434 
     0.99508     -0.61751 
    0.687549    -0.615062 
    0.433725    -0.507649 
    0.241302    -0.384846 
   0.0946477    -0.293308 
  -0.0305839    -0.250463 
   -0.163695    -0.266223 
    -0.34443    -0.361469 
   -0.640929    -0.592999 
    -1.20036     -1.11886 
    -2.42009     -2.43947 
    -5.70907     -6.57794 
    -18.5737     -25.7292 
    -122.327     -207.506 
    -3997.63     -7750.61 
-4.00413e+06 -8.00027e+06 
-4.00828e+12 -8.01655e+12 
-4.01657e+24 -8.03315e+24 
-4.03322e+48 -8.06643e+48 
-4.06671e+96 -8.13342e+96 
-4.13453e+192 -8.26906e+192 
        -inf         -inf 
        -inf         -inf 
        -inf         -inf 
        -inf         -inf 
        -inf         -inf 
        -inf         -inf 
        -inf         -inf 
        -inf         -inf 
        -inf         -inf 
        -inf         -inf 
        -inf         -inf 
        -inf         -inf 
        -inf         -inf 
        -inf         -inf 
        -inf         -inf 
        -inf         -inf 
        -inf         -inf 
        -inf         -inf 
        -inf         -inf 
        -inf         -inf 
        -inf         -inf 
50
    0.278635     0.324381 
    0.491075      0.42488 
    0.765995      0.54984 
     1.08573     0.639463 
     1.38219     0.592925 
     1.54659     0.328796 
     1.49965   -0.0938766 
     1.26539    -0.468526 
    0.947169    -0.636434 
    0.641462    -0.611414 
    0.393252     -0.49642 
    0.204694    -0.377117 
   0.0568333     -0.29572 
  -0.0776261    -0.268919 
   -0.232998    -0.310745 
   -0.460192    -0.454388 
   -0.855379    -0.790373 
    -1.64733      -1.5839 
    -3.52953     -3.76441 
    -9.40852      -11.758 
    -39.7697     -60.7224 
    -475.481     -871.422 
    -57550.5      -114150 
-8.28144e+08 -1.65617e+09 
-1.71456e+17 -3.42912e+17 
-7.34927e+33 -1.46985e+34 
 -1.3503e+67 -2.70059e+67 
-4.55825e+133 -9.1165e+133 
-5.19441e+266 -1.03888e+267 
        -inf         -inf 
        -inf         -inf 
        -inf         -inf 
        -inf         -inf 
        -inf         -inf 
        -inf         -inf 
        -inf         -inf 
        -inf         -inf 
        -inf         -inf 
        -inf         -inf 
        -inf         -inf 
        -inf         -inf 
        -inf         -inf 
        -inf         -inf 
        -inf         -inf 
        -inf         -inf 
        -inf         -inf 
        -inf         -inf 
        -inf         -inf 
        -inf         -inf 
        -inf         -inf 
50
    0.291901     0.345599 
    0.516375     0.448947 
    0.803281     0.573813 
     1.12969     0.652823 
     1.41948     0.579567 
      1.5604     0.281849 
     1.48271    -0.155376 
     1.22609    -0.513237 
    0.900172    -0.651843 
    0.596716    -0.606912 
    0.353421    -0.486589 
    0.167255    -0.372332 
   0.0159095    -0.302691 
   -0.131522    -0.294863 
   -0.316159    -0.369273 
   -0.604824    -0.577331 
    -1.13615     -1.06265 
    -2.27422     -2.27614 
    -5.27386     -5.99929 
    -16.5454      -22.543 
    -100.391      -167.69 
     -2728.9     -5257.02 
-1.86776e+06 -3.73007e+06 
-8.72139e+11 -1.74427e+12 
-1.90157e+23 -3.80313e+23 
 -9.0399e+45 -1.80798e+46 
-2.04299e+91 -4.08599e+91 
-1.04345e+182 -2.08691e+182 
        -inf         -inf 
        -inf         -inf 
        -inf         -inf 
        -inf         -inf 
        -inf         -inf 
        -inf         -inf 
        -inf         -inf 
        -inf         -inf 
        -inf         -inf 
        -inf         -inf 
        -inf         -inf 
        -inf         -inf 
        -inf         -inf 
        -inf         -inf 
        -inf         -inf 
        -inf         -inf 
        -inf         -inf 
        -inf         -inf 
        -inf         -inf 
        -inf         -inf 
        -inf         -inf 
        -inf         -inf 
50
    0.305037     0.367175 
    0.541622      0.47317 
    0.840274     0.597303 
     1.17248      0.66441 
     1.45413     0.563297 
     1.57069     0.233117 
     1.46315    -0.215067 
      1.1862    -0.553898 
    0.854036    -0.664336 
    0.553033    -0.602006 
    0.313826    -0.478412 
    0.128455    -0.370743 
  -0.0289277    -0.314766 
   -0.193752    -0.329648 
   -0.416398    -0.445293 
   -0.786492    -0.740186 
    -1.50785     -1.44272 
    -3.17457     -3.33345 
    -8.15442     -9.95969 
    -31.7965     -47.2842 
    -316.142     -568.692 
      -25666     -50699.7 
-1.64744e+08 -3.29436e+08 
-6.78511e+15 -1.35702e+16 
-1.15094e+31 -2.30188e+31 
-3.31167e+61 -6.62334e+61 
-2.74179e+122 -5.48358e+122 
-1.87935e+244 -3.7587e+244 
        -inf         -inf 
        -inf         -inf 
        -inf         -inf 
        -inf         -inf 
        -inf         -inf 
        -inf         -inf 
        -inf         -inf 
        -inf         -inf 
        -inf         -inf 
        -inf         -inf 
        -inf         -inf 
        -inf         -inf 
        -inf         -inf 
        -inf         -inf 
        -inf         -inf 
        -inf         -inf 
        -inf         -inf 
        -inf         -inf 
        -inf         -inf 
        -inf         -inf 
        -inf         -inf 
        -inf         -inf 
50
    0.318044     0.389101 
    0.566817     0.497547 
    0.876974     0.620314 
      1.2141      0.67426 
     1.48625     0.544288 
     1.57772     0.182945 
     1.44132    -0.272795 
      1.1459    -0.590839 
    0.808686    -0.674435 
    0.510147    -0.597078 
    0.274082     -0.47213 
   0.0877572    -0.372649 
  -0.0785534    -0.332621 
   -0.266045    -0.374983 
   -0.537743    -0.543396 
    -1.01617    -0.956851 
    -2.00679     -1.98123 
     -4.5059     -4.99822 
    -13.2073     -17.4027 
    -68.8183     -111.222 
    -1325.62     -2513.61 
     -442234      -881817 
-4.88937e+10 -9.77866e+10 
 -5.9765e+20  -1.1953e+21 
-8.92963e+40 -1.78593e+41 
-1.99346e+81 -3.98691e+81 
-9.93467e+161 -1.98693e+162 
        -inf         -inf 
        -inf         -inf 
        -inf         -inf 
        -inf         -inf 
        -inf         -inf 
        -inf         -inf 
        -inf         -inf 
        -inf         -inf 
        -inf         -inf 
        -inf         -inf 
        -inf         -inf 
        -inf         -inf 
        -inf         -inf 
        -inf         -inf 
        -inf         -inf 
        -inf         -inf 
        -inf         -inf 
        -inf         -inf 
        -inf         -inf 
        -inf         -inf 
        -inf         -inf 
        -inf         -inf 
        -inf         -inf 
50
    0.330922     0.411369 
     0.59196     0.522076 
    0.913384     0.642847 
     1.25459     0.682404 
     1.51594     0.522704 
     1.58176     0.131639 
     1.41753    -0.328461 
     1.10533    -0.624389 
    0.764031    -0.682603 
    0.467802    -0.592459 
    0.233813    -0.467978 
   0.0446105    -0.378405 
   -0.133937    -0.357095 
   -0.350454    -0.433033 
   -0.685288    -0.669669 
    -1.30885     -1.24712 
    -2.68789     -2.75809 
    -6.54511     -7.71442 
    -22.7482     -32.4062 
    -174.008      -302.52 
     -7938.5       -15529 
-1.57726e+07 -3.15294e+07 
-6.21942e+13 -1.24388e+14 
-9.67028e+26 -1.93406e+27 
-2.33786e+53 -4.67572e+53 
-1.3664e+106 -2.73279e+106 
-4.6676e+211 -9.33519e+211 
        -inf         -inf 
        -inf         -inf 
        -inf         -inf 
        -inf         -inf 
        -inf         -inf 
        -inf         -inf 
        -inf         -inf 
        -inf         -inf 
        -inf         -inf 
        -inf         -inf 
        -inf         -inf 
        -inf         -inf 
        -inf         -inf 
        -inf         -inf 
        -inf         -inf 
        -inf         -inf 
        -inf         -inf 
        -inf         -inf 
        -inf         -inf 
        -inf         -inf 
        -inf         -inf 
        -inf         -inf 
        -inf         -inf 
50
    0.343675     0.433974 
    0.617052     0.546755 
    0.949504     0.664904 
     1.29394     0.688877 
      1.5433     0.498705 
     1.58303    0.0794722 
     1.39203    -0.382006 
      1.0646    -0.654863 
    0.719972    -0.689248 
    0.425752    -0.588442 
    0.192652    -0.466198 
 -0.00156251     -0.38843 
   -0.196169    -0.389212 
   -0.449437    -0.506537 
   -0.865564    -0.832253 
    -1.68538     -1.63964 
    -3.63667     -3.90258 
    -9.80348     -12.3336 
    -42.4482     -65.2894 
    -536.167     -987.438 
    -73032.8      -144993 
-1.33361e+09 -2.66708e+09 
 -4.4463e+17  -8.8926e+17 
-4.94239e+34 -9.88479e+34 
-6.10682e+68 -1.22136e+69 
-9.3233e+136 -1.86466e+137 
-2.1731e+273 -4.3462e+273 
        -inf         -inf 
        -inf         -inf 
        -inf         -inf 
        -inf         -inf 
        -inf         -inf 
        -inf         -inf 
        -inf         -inf 
        -inf         -inf 
        -inf         -inf 
        -inf         -inf 
        -inf         -inf 
        -inf         -inf 
        -inf         -inf 
        -inf         -inf 
        -inf         -inf 
        -inf         -inf 
        -inf         -inf 
        -inf         -inf 
        -inf         -inf 
        -inf         -inf 
        -inf         -inf 
        -inf         -inf 
        -inf         -inf 
50
    0.356302     0.456907 
    0.642093     0.571583 
    0.985337     0.686487 
     1.33219     0.693712 
     1.56841      0.47244 
     1.58176    0.0266873 
     1.36505     -0.43341 
     1.02377    -0.682567 
    0.676401    -0.694733 
    0.383755    -0.585291 
    0.150231    -0.467048 
  -0.0513771    -0.403217 
    -0.26649    -0.430225 
   -0.565979    -0.598978 
    -1.08705     -1.04213 
    -2.17529     -2.17649 
    -4.99033     -5.63008 
    -15.2788      -20.577 
    -87.7476     -144.938 
    -2107.06     -4038.63 
-1.11458e+06 -2.22495e+06 
-3.10575e+11 -6.21148e+11 
-2.41143e+22 -4.82285e+22 
-1.45374e+44 -2.90749e+44 
-5.28343e+87 -1.05669e+88 
-6.97865e+174 -1.39573e+175 
        -inf         -inf 
        -inf         -inf 
        -inf         -inf 
        -inf         -inf 
        -inf         -inf 
        -inf         -inf 
        -inf         -inf 
        -inf         -inf 
        -inf         -inf 
        -inf         -inf 
        -inf         -inf 
        -inf         -inf 
        -inf         -inf 
        -inf         -inf 
        -inf         -inf 
        -inf         -inf 
        -inf         -inf 
        -inf         -inf 
        -inf         -inf 
        -inf         -inf 
        -inf         -inf 
        -inf         -inf 
        -inf         -inf 
        -inf         -inf 
50
    0.368805     0.480163 
    0.667083     0.596557 
     1.02088     0.707598 
     1.36935     0.696939 
     1.59138     0.444053 
     1.57813   -0.0265001 
     1.33679     -0.48268 
    0.982894    -0.707787 
    0.633204    -0.699381 
    0.341578    -0.583252 
    0.106177    -0.470801 
   -0.105498     -0.42335 
   -0.346329    -0.481663 
   -0.703729      -0.7148 
    -1.36087     -1.31428 
    -2.82122      -2.9207 
     -6.9767     -8.31096 
    -25.0449     -36.1365 
    -206.187     -362.283 
    -11067.1     -21721.9 
-3.06449e+07 -6.12677e+07 
-2.34778e+14 -4.69556e+14 
-1.37802e+28 -2.75604e+28 
-4.74734e+55 -9.49469e+55 
-5.63432e+110 -1.12686e+111 
-7.93639e+220 -1.58728e+221 
        -inf         -inf 
        -inf         -inf 
        -inf         -inf 
        -inf         -inf 
        -inf         -inf 
        -inf         -inf 
        -inf         -inf 
        -inf         -inf 
        -inf         -inf 
        -inf         -inf 
        -inf         -inf 
        -inf         -inf 
        -inf         -inf 
        -inf         -inf 
        -inf         -inf 
        -inf         -inf 
        -inf         -inf 
        -inf         -inf 
        -inf         -inf 
        -inf         -inf 
        -inf         -inf 
        -inf         -inf 
        -inf         -inf 
        -inf         -inf 
50
    0.381185     0.503734 
    0.692022     0.621675 
     1.05614     0.728239 
     1.40544     0.698592 
     1.61228     0.413683 
     1.57233   -0.0798999 
     1.30741    -0.529845 
    0.942008    -0.730798 
    0.590266    -0.703484 
    0.298987    -0.582558 
   0.0601066    -0.477761 
    -0.16465    -0.449514 
   -0.437347    -0.545394 
     -0.8672    -0.859704 
    -1.70186     -1.66932 
    -3.68607     -3.96842 
    -9.98857      -12.605 
    -43.7311      -67.485 
    -566.509     -1045.55 
    -81463.9      -161795 
-1.65927e+09 -3.31839e+09 
-6.88298e+17  -1.3766e+18 
-1.18438e+35 -2.36877e+35 
-3.50692e+69 -7.01384e+69 
-3.07462e+138 -6.14924e+138 
-2.36332e+276 -4.72665e+276 
        -inf         -inf 
        -inf         -inf 
        -inf         -inf 
        -inf         -inf 
        -inf         -inf 
        -inf         -inf 
        -inf         -inf 
        -inf         -inf 
        -inf         -inf 
        -inf         -inf 
        -inf         -inf 
        -inf         -inf 
        -inf         -inf 
        -inf         -inf 
        -inf         -inf 
        -inf         -inf 
        -inf         -inf 
        -inf         -inf 
        -inf         -inf 
        -inf         -inf 
        -inf         -inf 
        -inf         -inf 
        -inf         -inf 
        -inf         -inf 
50
    0.393443     0.527614 
    0.716912     0.646937 
     1.09112     0.748412 
     1.44047     0.698702 
      1.6312     0.381461 
     1.56453    -0.133344 
     1.27705    -0.574953 
    0.901122    -0.751857 
    0.547469    -0.707306 
    0.255753    -0.583433 
    0.011622    -0.488261 
   -0.229637    -0.482518 
   -0.541488    -0.623703 
    -1.06201     -1.04105 
    -2.13001     -2.13599 
    -4.86475     -5.46947 
    -14.7321     -19.7347 
    -82.5413     -135.618 
    -1874.25     -3583.42 
     -882341 -1.76093e+06 
-1.94633e+11 -3.89265e+11 
-9.47053e+21 -1.89411e+22 
-2.24227e+43 -4.48455e+43 
-1.25695e+86  -2.5139e+86 
-3.9498e+171 -7.8996e+171 
        -inf         -inf 
        -inf         -inf 
        -inf         -inf 
        -inf         -inf 
        -inf         -inf 
        -inf         -inf 
        -inf         -inf 
        -inf         -inf 
        -inf         -inf 
        -inf         -inf 
        -inf         -inf 
        -inf         -inf 
        -inf         -inf 
        -inf         -inf 
        -inf         -inf 
        -inf         -inf 
        -inf         -inf 
        -inf         -inf 
        -inf         -inf 
        -inf         -inf 
        -inf         -inf 
        -inf         -inf 
        -inf         -inf 
        -inf         -inf 
        -inf         -inf 
50
    0.405582     0.551797 
    0.741751      0.67234 
     1.12581     0.768118 
     1.47446     0.697299 
     1.64822     0.347513 
     1.55487    -0.186687 
     1.24584    -0.618065 
    0.860238    -0.771204 
    0.504693    -0.711089 
    0.211643      -0.5861 
  -0.0396944    -0.502675 
    -0.30135     -0.52331 
   -0.661045    -0.719391 
    -1.29525      -1.2684 
    -2.67268     -2.75486 
    -6.50407      -7.6628 
    -22.5372     -32.0663 
    -171.186     -297.298 
    -7688.83     -15035.3 
-1.47967e+07 -2.95779e+07 
-5.47353e+13 -1.09471e+14 
-7.48987e+26 -1.49797e+27 
-1.40246e+53 -2.80491e+53 
-4.9172e+105 -9.8344e+105 
-6.04472e+210 -1.20894e+211 
        -inf         -inf 
        -inf         -inf 
        -inf         -inf 
        -inf         -inf 
        -inf         -inf 
        -inf         -inf 
        -inf         -inf 
        -inf         -inf 
        -inf         -inf 
        -inf         -inf 
        -inf         -inf 
        -inf         -inf 
        -inf         -inf 
        -inf         -inf 
        -inf         -inf 
        -inf         -inf 
        -inf         -inf 
        -inf         -inf 
        -inf         -inf 
        -inf         -inf 
        -inf         -inf 
        -inf         -inf 
        -inf         -inf 
        -inf         -inf 
        -inf         -inf 
50
      0.4176     0.576277 
    0.766541     0.697882 
     1.16022      0.78736 
     1.50743     0.694414 
     1.66341     0.311958 
     1.54351      -0.2398 
     1.21388    -0.659253 
    0.819347    -0.789066 
    0.461819    -0.715057 
    0.166426    -0.590786 
  -0.0942854    -0.521422 
    -0.38079     -0.57301 
   -0.798743    -0.835905 
    -1.57588     -1.55427 
    -3.36783     -3.58391 
    -8.83732      -10.939 
    -36.0407     -54.4068 
    -396.987     -721.893 
    -40256.9     -79719.8 
-4.05245e+08 -8.10409e+08 
-4.10558e+16 -8.21116e+16 
-4.21395e+32  -8.4279e+32 
-4.43934e+64 -8.87869e+64 
-4.92694e+128 -9.85388e+128 
-6.06869e+256 -1.21374e+257 
        -inf         -inf 
        -inf         -inf 
        -inf         -inf 
        -inf         -inf 
        -inf         -inf 
        -inf         -inf 
        -inf         -inf 
        -inf         -inf 
        -inf         -inf 
        -inf         -inf 
        -inf         -inf 
        -inf         -inf 
        -inf         -inf 
        -inf         -inf 
        -inf         -inf 
        -inf         -inf 
        -inf         -inf 
        -inf         -inf 
        -inf         -inf 
        -inf         -inf 
        -inf         -inf 
        -inf         -inf 
        -inf         -inf 
        -inf         -inf 
        -inf         -inf 
50
    0.429501     0.601046 
    0.791282     0.723561 
     1.19435     0.806139 
     1.53939     0.690077 
     1.67685     0.274911 
     1.53056    -0.292571 
     1.18126    -0.698598 
    0.778433    -0.805656 
    0.418724    -0.719418 
    0.119863    -0.597721 
   -0.152624    -0.544974 
    -0.46909    -0.632933 
    -0.95784      -0.9775 
    -1.91542     -1.91515 
    -4.26905     -4.70727 
    -12.2461     -15.9542 
    -60.7767     -97.0612 
    -1047.95     -1974.35 
     -276849      -551602 
-1.91619e+10 -3.83233e+10 
 -9.1795e+19  -1.8359e+20 
-2.10658e+39 -4.21316e+39 
-1.10942e+78 -2.21884e+78 
-3.07704e+155 -6.15409e+155 
        -inf         -inf 
        -inf         -inf 
        -inf         -inf 
        -inf         -inf 
        -inf         -inf 
        -inf         -inf 
        -inf         -inf 
        -inf         -inf 
        -inf         -inf 
        -inf         -inf 
        -inf         -inf 
        -inf         -inf 
        -inf         -inf 
        -inf         -inf 
        -inf         -inf 
        -inf         -inf 
        -inf         -inf 
        -inf         -inf 
        -inf         -inf 
        -inf         -inf 
        -inf         -inf 
        -inf         -inf 
        -inf         -inf 
        -inf         -inf 
        -inf         -inf 
        -inf         -inf 
50
    0.441285       0.6261 
    0.815974     0.749377 
      1.2282     0.824457 
     1.57036     0.684318 
      1.6886     0.236481 
     1.51615    -0.344906 
     1.14806    -0.736185 
     0.73747    -0.821174 
    0.375285    -0.724369 
   0.0717117    -0.607146 
   -0.215219    -0.573862 
   -0.567535    -0.704631 
    -1.14226     -1.14945 
    -2.32873     -2.37295 
    -5.45314     -6.24882 
     -17.375     -23.8438 
    -109.114     -183.477 
    -3204.58     -6190.93 
-2.57443e+06 -5.14246e+06 
-1.65693e+12 -3.31386e+12 
-6.86357e+23 -1.37271e+24 
-1.17772e+47 -2.35543e+47 
-3.46754e+93 -6.93508e+93 
-3.00596e+186 -6.01191e+186 
        -inf         -inf 
        -inf         -inf 
        -inf         -inf 
        -inf         -inf 
        -inf         -inf 
        -inf         -inf 
        -inf         -inf 
        -inf         -inf 
        -inf         -inf 
        -inf         -inf 
        -inf         -inf 
        -inf         -inf 
        -inf         -inf 
        -inf         -inf 
        -inf         -inf 
        -inf         -inf 
        -inf         -inf 
        -inf         -inf 
        -inf         -inf 
        -inf         -inf 
        -inf         -inf 
        -inf         -inf 
        -inf         -inf 
        -inf         -inf 
        -inf         -inf 
        -inf         -inf 
50
    0.452954     0.651433 
    0.840617     0.775326 
     1.26177     0.842316 
     1.60036     0.677166 
     1.69874     0.196772 
     1.50038    -0.396721 
     1.11433    -0.772105 
    0.696428    -0.835806 
    0.331379    -0.730098 
   0.0217218    -0.619314 
   -0.282623    -0.608689 
   -0.677592    -0.789939 
    -1.35674      -1.3583 
    -2.83527     -2.95705 
    -7.03229     -8.39405 
    -25.3507     -36.6368 
    -210.671      -370.64 
    -11544.2     -22667.1 
-3.33429e+07 -6.66628e+07 
-2.77938e+14 -5.55875e+14 
-1.93123e+28 -3.86247e+28 
-9.32416e+55 -1.86483e+56 
-2.1735e+111 -4.34699e+111 
-1.18102e+222 -2.36205e+222 
        -inf         -inf 
        -inf         -inf 
        -inf         -inf 
        -inf         -inf 
        -inf         -inf 
        -inf         -inf 
        -inf         -inf 
        -inf         -inf 
        -inf         -inf 
        -inf         -inf 
        -inf         -inf 
        -inf         -inf 
        -inf         -inf 
        -inf         -inf 
        -inf         -inf 
        -inf         -inf 
        -inf         -inf 
        -inf         -inf 
        -inf         -inf 
        -inf         -inf 
        -inf         -inf 
        -inf         -inf 
        -inf         -inf 
        -inf         -inf 
        -inf         -inf 
        -inf         -inf 
50
    0.464507     0.677038 
    0.865211     0.801408 
     1.29507     0.859719 
      1.6294      0.66865 
     1.70734     0.155883 
     1.48336    -0.447949 
     1.08014     -0.80645 
    0.655273     -0.84973 
    0.286881    -0.736784 
  -0.0303665    -0.634494 
   -0.355436    -0.650139 
   -0.800948    -0.891024 
    -1.60708     -1.61226 
    -3.46065     -3.70714 
     -9.1734     -11.4255 
    -38.2173     -58.0878 
    -441.956     -807.478 
    -49787.6     -98691.2 
-6.19812e+08 -1.23952e+09 
-9.60417e+16 -1.92083e+17 
  -2.306e+33 -4.61201e+33 
-1.32941e+66 -2.65883e+66 
-4.41835e+131 -8.8367e+131 
-4.88045e+262 -9.7609e+262 
        -inf         -inf 
        -inf         -inf 
        -inf         -inf 
        -inf         -inf 
        -inf         -inf 
        -inf         -inf 
        -inf         -inf 
        -inf         -inf 
        -inf         -inf 
        -inf         -inf 
        -inf         -inf 
        -inf         -inf 
        -inf         -inf 
        -inf         -inf 
        -inf         -inf 
        -inf         -inf 
        -inf         -inf 
        -inf         -inf 
        -inf         -inf 
        -inf         -inf 
        -inf         -inf 
        -inf         -inf 
        -inf         -inf 
        -inf         -inf 
        -inf         -inf 
        -inf         -inf 
50
    0.475947      0.70291 
    0.889758     0.827621 
     1.32809     0.876666 
     1.65749     0.658798 
     1.71444     0.113907 
     1.46518     -0.49853 
     1.04552    -0.839314 
    0.613966    -0.863111 
    0.241663    -0.744605 
   -0.084824    -0.652974 
   -0.434316    -0.698984 
   -0.939545     -1.01046 
    -1.90035      -1.9216 
    -4.23906     -4.67743 
    -12.1299     -15.7818 
    -59.8372     -95.4146 
    -1017.63     -1915.58 
     -261121      -520207 
-1.70467e+10 -3.40928e+10 
-7.26471e+19 -1.45294e+20 
 -1.3194e+39  -2.6388e+39 
-4.35204e+77 -8.70408e+77 
-4.73507e+154 -9.47013e+154 
        -inf         -inf 
        -inf         -inf 
        -inf         -inf 
        -inf         -inf 
        -inf         -inf 
        -inf         -inf 
        -inf         -inf 
        -inf         -inf 
        -inf         -inf 
        -inf         -inf 
        -inf         -inf 
        -inf         -inf 
        -inf         -inf 
        -inf         -inf 
        -inf         -inf 
        -inf         -inf 
        -inf         -inf 
        -inf         -inf 
        -inf         -inf 
        -inf         -inf 
        -inf         -inf 
        -inf         -inf 
        -inf         -inf 
        -inf         -inf 
        -inf         -inf 
        -inf         -inf 
        -inf         -inf 
50
    0.487275     0.729044 
    0.914257     0.853963 
     1.36084     0.893159 
     1.68466     0.647639 
     1.72012    0.0709346 
     1.44592    -0.548416 
     1.01052    -0.870794 
    0.572464    -0.876108 
    0.195597    -0.753734 
   -0.141935    -0.675064 
   -0.519987    -0.756104 
    -1.09563     -1.15129 
    -2.24529     -2.29931 
     -5.2166     -5.94262 
    -16.2953     -22.1573 
    -97.8317     -163.073 
    -2596.59     -4997.51 
-1.69131e+06 -3.37743e+06 
-7.15137e+11 -1.43027e+12 
-1.27855e+23 -2.55711e+23 
-4.08675e+45  -8.1735e+45 
-4.17538e+90 -8.35076e+90 
-4.35845e+180 -8.7169e+180 
        -inf         -inf 
        -inf         -inf 
        -inf         -inf 
        -inf         -inf 
        -inf         -inf 
        -inf         -inf 
        -inf         -inf 
        -inf         -inf 
        -inf         -inf 
        -inf         -inf 
        -inf         -inf 
        -inf         -inf 
        -inf         -inf 
        -inf         -inf 
        -inf         -inf 
        -inf         -inf 
        -inf         -inf 
        -inf         -inf 
        -inf         -inf 
        -inf         -inf 
        -inf         -inf 
        -inf         -inf 
        -inf         -inf 
        -inf         -inf 
        -inf         -inf 
        -inf         -inf 
        -inf         -inf 
50
    0.498492     0.755434 
    0.938708     0.880433 
     1.39331     0.909201 
     1.71091     0.635201 
     1.72443    0.0270508 
     1.42565    -0.597569 
    0.975159    -0.900982 
    0.530724     -0.88887 
    0.148553    -0.764342 
   -0.201997      -0.7011 
   -0.613247      -0.8225 
    -1.27183     -1.31716 
    -2.65275     -2.76185 
    -6.45613     -7.60676 
    -22.2939     -31.6756 
     -167.96     -291.333 
    -7408.28     -14480.6 
-1.37372e+07 -2.74595e+07 
-4.71774e+13 -9.43548e+13 
-5.56427e+26 -1.11285e+27 
-7.74027e+52 -1.54805e+53 
-1.4978e+105 -2.99559e+105 
-5.60848e+209 -1.1217e+210 
        -inf         -inf 
        -inf         -inf 
        -inf         -inf 
        -inf         -inf 
        -inf         -inf 
        -inf         -inf 
        -inf         -inf 
        -inf         -inf 
        -inf         -inf 
        -inf         -inf 
        -inf         -inf 
        -inf         -inf 
        -inf         -inf 
        -inf         -inf 
        -inf         -inf 
        -inf         -inf 
        -inf         -inf 
        -inf         -inf 
        -inf         -inf 
        -inf         -inf 
        -inf         -inf 
        -inf         -inf 
        -inf         -inf 
        -inf         -inf 
        -inf         -inf 
        -inf         -inf 
        -inf         -inf 
50
    0.509598     0.782074 
    0.963112     0.907028 
     1.42551     0.924792 
     1.73626     0.621509 
     1.72743   -0.0176634 
     1.40445    -0.645957 
    0.939465    -0.929974 
    0.488696    -0.901539 
    0.100394    -0.776603 
   -0.265328    -0.731445 
   -0.714983    -0.899309 
    -1.47118      -1.5124 
    -3.13627     -3.33018 
    -8.04449     -9.81643 
    -31.1423     -46.1956 
    -304.486     -546.688 
    -23831.9     -47054.8 
-1.42043e+08 -2.84039e+08 
-5.04406e+15 -1.00881e+16 
-6.36064e+30 -1.27213e+31 
-1.01144e+61 -2.02289e+61 
-2.55755e+121 -5.1151e+121 
-1.63526e+242 -3.27052e+242 
        -inf         -inf 
        -inf         -inf 
        -inf         -inf 
        -inf         -inf 
        -inf         -inf 
        -inf         -inf 
        -inf         -inf 
        -inf         -inf 
        -inf         -inf 
        -inf         -inf 
        -inf         -inf 
        -inf         -inf 
        -inf         -inf 
        -inf         -inf 
        -inf         -inf 
        -inf         -inf 
        -inf         -inf 
        -inf         -inf 
        -inf         -inf 
        -inf         -inf 
        -inf         -inf 
        -inf         -inf 
        -inf         -inf 
        -inf         -inf 
        -inf         -inf 
        -inf         -inf 
        -inf         -inf 
50
    0.520595      0.80896 
    0.987469     0.933748 
     1.45744     0.939935 
     1.76073     0.606593 
     1.72917   -0.0631314 
     1.38239    -0.693558 
    0.903457    -0.957863 
    0.446332    -0.914251 
   0.0509858    -0.790692 
   -0.332263    -0.766498 
   -0.826178     -0.98783 
    -1.69728      -1.7422 
    -3.71289     -4.03122 
    -10.1031     -12.7805 
    -44.5374     -68.8685 
    -586.001     -1082.93 
    -87123.1      -173074 
-1.89781e+09 -3.79544e+09 
-9.00417e+17 -1.80083e+18 
-2.02688e+35 -4.05375e+35 
-1.02706e+70 -2.05411e+70 
-2.63711e+139 -5.27422e+139 
-1.73859e+278 -3.47718e+278 
        -inf         -inf 
        -inf         -inf 
        -inf         -inf 
        -inf         -inf 
        -inf         -inf 
        -inf         -inf 
        -inf         -inf 
        -inf         -inf 
        -inf         -inf 
        -inf         -inf 
        -inf         -inf 
        -inf         -inf 
        -inf         -inf 
        -inf         -inf 
        -inf         -inf 
        -inf         -inf 
        -inf         -inf 
        -inf         -inf 
        -inf         -inf 
        -inf         -inf 
        -inf         -inf 
        -inf         -inf 
        -inf         -inf 
        -inf         -inf 
        -inf         -inf 
        -inf         -inf 
        -inf         -inf 
50
    0.531484     0.836087 
     1.01178     0.960591 
      1.4891     0.954632 
     1.78433     0.590477 
     1.72969     -0.10928 
     1.35952    -0.740354 
    0.867148    -0.984739 
    0.403579    -0.927137 
 0.000186198    -0.806786 
    -0.40316    -0.806693 
   -0.947931     -1.08954 
    -1.95433     -2.01279 
    -4.40416     -4.89966 
    -12.8042        -16.8 
     -65.392     -105.176 
    -1203.36     -2275.93 
     -364658      -726909 
-3.32447e+10 -6.64887e+10 
-2.76302e+20 -5.52605e+20 
-1.90858e+40 -3.81715e+40 
-9.10666e+79 -1.82133e+80 
-2.07328e+159 -4.14656e+159 
        -inf         -inf 
        -inf         -inf 
        -inf         -inf 
        -inf         -inf 
        -inf         -inf 
        -inf         -inf 
        -inf         -inf 
        -inf         -inf 
        -inf         -inf 
        -inf         -inf 
        -inf         -inf 
        -inf         -inf 
        -inf         -inf 
        -inf         -inf 
        -inf         -inf 
        -inf         -inf 
        -inf         -inf 
        -inf         -inf 
        -inf         -inf 
        -inf         -inf 
        -inf         -inf 
        -inf         -inf 
        -inf         -inf 
        -inf         -inf 
        -inf         -inf 
        -inf         -inf 
        -inf         -inf 
        -inf         -inf 
50
    0.542266     0.863448 
     1.03604     0.987555 
     1.52049     0.968884 
     1.80708     0.573188 
     1.72906     -0.15604 
     1.33589    -0.786334 
    0.830546     -1.01069 
    0.360385    -0.940323 
  -0.0521494    -0.825069 
   -0.478401    -0.852503 
    -1.08147     -1.20614 
     -2.2473     -2.33166 
    -5.23755     -5.98049 
    -16.3952     -22.3152 
    -98.8518     -164.913 
    -2648.94     -5100.18 
-1.76008e+06 -3.51487e+06 
-7.74476e+11 -1.54895e+12 
-1.49953e+23 -2.99907e+23 
 -5.6215e+45  -1.1243e+46 
-7.90031e+90 -1.58006e+91 
-1.56037e+181 -3.12075e+181 
        -inf         -inf 
        -inf         -inf 
        -inf         -inf 
        -inf         -inf 
        -inf         -inf 
        -inf         -inf 
        -inf         -inf 
        -inf         -inf 
        -inf         -inf 
        -inf         -inf 
        -inf         -inf 
        -inf         -inf 
        -inf         -inf 
        -inf         -inf 
        -inf         -inf 
        -inf         -inf 
        -inf         -inf 
        -inf         -inf 
        -inf         -inf 
        -inf         -inf 
        -inf         -inf 
        -inf         -inf 
        -inf         -inf 
        -inf         -inf 
        -inf         -inf 
        -inf         -inf 
        -inf         -inf 
        -inf         -inf 
50
    0.552942      0.89104 
     1.06026      1.01464 
     1.55161     0.982692 
     1.82898     0.554753 
     1.72731    -0.203347 
     1.31156    -0.831493 
    0.793659     -1.03581 
    0.316694    -0.953929 
    -0.10617     -0.84573 
   -0.558396    -0.904451 
    -1.22817     -1.33955 
    -2.58209     -2.70784 
    -6.24833     -7.33249 
    -21.2371     -29.9775 
    -154.289     -266.103 
    -6277.15     -12245.7 
-9.86462e+06 -1.97167e+07 
-2.43277e+13 -4.86554e+13 
-1.47959e+26 -2.95918e+26 
-5.47297e+51 -1.09459e+52 
-7.48836e+102 -1.49767e+103 
-1.40189e+205 -2.80378e+205 
        -inf         -inf 
        -inf         -inf 
        -inf         -inf 
        -inf         -inf 
        -inf         -inf 
        -inf         -inf 
        -inf         -inf 
        -inf         -inf 
        -inf         -inf 
        -inf         -inf 
        -inf         -inf 
        -inf         -inf 
        -inf         -inf 
        -inf         -inf 
        -inf         -inf 
        -inf         -inf 
        -inf         -inf 
        -inf         -inf 
        -inf         -inf 
        -inf         -inf 
        -inf         -inf 
        -inf         -inf 
        -inf         -inf 
        -inf         -inf 
        -inf         -inf 
        -inf         -inf 
        -inf         -inf 
        -inf         -inf 
50
    0.563513     0.918858 
     1.08443      1.04184 
     1.58246      0.99606 
     1.85006     0.535196 
     1.72449    -0.251137 
     1.28658    -0.875829 
    0.756488     -1.06018 
     0.27245    -0.968075 
   -0.162032    -0.868964 
   -0.643585    -0.963107 
    -1.38958       -1.492 
    -2.96572     -3.15227 
    -7.48215     -9.03287 
    -27.8648     -40.7652 
    -249.325      -442.92 
    -16073.8       -31649 
 -6.4628e+07 -1.29224e+08 
-1.04419e+15 -2.08839e+15 
-2.72585e+29  -5.4517e+29 
-1.85756e+58 -3.71513e+58 
-8.62635e+115 -1.72527e+116 
-1.86035e+231 -3.7207e+231 
        -inf         -inf 
        -inf         -inf 
        -inf         -inf 
        -inf         -inf 
        -inf         -inf 
        -inf         -inf 
        -inf         -inf 
        -inf         -inf 
        -inf         -inf 
        -inf         -inf 
        -inf         -inf 
        -inf         -inf 
        -inf         -inf 
        -inf         -inf 
        -inf         -inf 
        -inf         -inf 
        -inf         -inf 
        -inf         -inf 
        -inf         -inf 
        -inf         -inf 
        -inf         -inf 
        -inf         -inf 
        -inf         -inf 
        -inf         -inf 
        -inf         -inf 
        -inf         -inf 
        -inf         -inf 
        -inf         -inf 
50
    0.573981     0.946896 
     1.10856      1.06916 
     1.61305      1.00899 
     1.87033     0.514542 
     1.72065    -0.299353 
     1.26098    -0.919345 
    0.719033     -1.08389 
    0.227595    -0.982875 
   -0.219893    -0.894977 
   -0.734443      -1.0291 
    -1.56745     -1.66602 
    -3.40656     -3.67821 
    -8.99846     -11.1838 
    -37.0831     -56.1692 
    -418.227     -762.288 
    -44632.4     -88428.3 
-4.98113e+08 -9.96136e+08 
-6.20291e+16 -1.24058e+17 
-9.61901e+32  -1.9238e+33 
-2.31314e+65 -4.62627e+65 
-1.33765e+130 -2.6753e+130 
-4.47326e+259 -8.94652e+259 
        -inf         -inf 
        -inf         -inf 
        -inf         -inf 
        -inf         -inf 
        -inf         -inf 
        -inf         -inf 
        -inf         -inf 
        -inf         -inf 
        -inf         -inf 
        -inf         -inf 
        -inf         -inf 
        -inf         -inf 
        -inf         -inf 
        -inf         -inf 
        -inf         -inf 
        -inf         -inf 
        -inf         -inf 
        -inf         -inf 
        -inf         -inf 
        -inf         -inf 
        -inf         -inf 
        -inf         -inf 
        -inf         -inf 
        -inf         -inf 
        -inf         -inf 
        -inf         -inf 
        -inf         -inf 
        -inf         -inf 
50
    0.584345     0.975151 
     1.13264      1.09659 
     1.64338      1.02148 
     1.88979     0.492817 
     1.71582    -0.347939 
      1.2348    -0.962047 
    0.681291     -1.10701 
     0.18207    -0.998442 
   -0.279921    -0.923982 
   -0.831481     -1.10312 
    -1.76375     -1.86454 
    -3.91467     -4.30183 
    -10.8754     -13.9215 
    -50.1236     -78.4964 
    -729.996     -1359.75 
     -134816      -268172 
-4.54414e+09 -9.08801e+09 
-5.16231e+18 -1.03246e+19 
-6.66235e+36 -1.33247e+37 
-1.10967e+73 -2.21935e+73 
-3.07844e+145 -6.15688e+145 
-2.3692e+290 -4.7384e+290 
        -inf         -inf 
        -inf         -inf 
        -inf         -inf 
        -inf         -inf 
        -inf         -inf 
        -inf         -inf 
        -inf         -inf 
        -inf         -inf 
        -inf         -inf 
        -inf         -inf 
        -inf         -inf 
        -inf         -inf 
        -inf         -inf 
        -inf         -inf 
        -inf         -inf 
        -inf         -inf 
        -inf         -inf 
        -inf         -inf 
        -inf         -inf 
        -inf         -inf 
        -inf         -inf 
        -inf         -inf 
        -inf         -inf 
        -inf         -inf 
        -inf         -inf 
        -inf         -inf 
        -inf         -inf 
        -inf         -inf 
50
    0.594607      1.00362 
     1.15668      1.12414 
     1.67344      1.03353 
     1.90846     0.470045 
     1.71004    -0.396842 
     1.20807     -1.00395 
    0.643258     -1.12963 
    0.135813     -1.01489 
    -0.34229    -0.956205 
   -0.935255     -1.18593 
    -1.98071     -2.09091 
    -4.50215     -5.04287 
    -13.2164     -17.4286 
    -68.9035     -111.374 
    -1328.74     -2519.67 
     -444307      -885956 
-4.93531e+10 -9.87054e+10 
-6.08933e+20 -1.21787e+21 
-9.26998e+40   -1.854e+41 
-2.14832e+81 -4.29663e+81 
-1.15381e+162 -2.30763e+162 
        -inf         -inf 
        -inf         -inf 
        -inf         -inf 
        -inf         -inf 
        -inf         -inf 
        -inf         -inf 
        -inf         -inf 
        -inf         -inf 
        -inf         -inf 
        -inf         -inf 
        -inf         -inf 
        -inf         -inf 
        -inf         -inf 
        -inf         -inf 
        -inf         -inf 
        -inf         -inf 
        -inf         -inf 
        -inf         -inf 
        -inf         -inf 
        -inf         -inf 
        -inf         -inf 
        -inf         -inf 
        -inf         -inf 
        -inf         -inf 
        -inf         -inf 
        -inf         -inf 
        -inf         -inf 
        -inf         -inf 
        -inf         -inf 
50
    0.604769      1.03229 
     1.18067       1.1518 
     1.70324      1.04515 
     1.92637     0.446249 
     1.70336    -0.446013 
     1.18084     -1.04505 
    0.604925     -1.15182 
   0.0887625     -1.03232 
   -0.407179    -0.991883 
    -1.04636     -1.27837 
    -2.22086     -2.34899 
    -5.18362     -5.92553 
    -16.1598     -21.9523 
    -96.4606     -160.602 
    -2527.04     -4861.15 
-1.60207e+06 -3.19908e+06 
-6.41659e+11 -1.28331e+12 
-1.02931e+23 -2.05863e+23 
-2.64872e+45 -5.29745e+45 
-1.75393e+90 -3.50787e+90 
-7.6907e+179 -1.53814e+180 
        -inf         -inf 
        -inf         -inf 
        -inf         -inf 
        -inf         -inf 
        -inf         -inf 
        -inf         -inf 
        -inf         -inf 
        -inf         -inf 
        -inf         -inf 
        -inf         -inf 
        -inf         -inf 
        -inf         -inf 
        -inf         -inf 
        -inf         -inf 
        -inf         -inf 
        -inf         -inf 
        -inf         -inf 
        -inf         -inf 
        -inf         -inf 
        -inf         -inf 
        -inf         -inf 
        -inf         -inf 
        -inf         -inf 
        -inf         -inf 
        -inf         -inf 
        -inf         -inf 
        -inf         -inf 
        -inf         -inf 
        -inf         -inf 
50
     0.61483      1.06117 
     1.20462      1.17957 
     1.73278      1.05633 
     1.94351     0.421455 
     1.69581    -0.495405 
     1.15312     -1.08538 
    0.566284     -1.17366 
   0.0408547     -1.05086 
   -0.474779     -1.03127 
    -1.16546     -1.38136 
    -2.48708     -2.64324 
    -5.97687     -6.97957 
    -19.8916     -27.8295 
    -137.698     -235.613 
    -5030.13     -9784.85 
-6.33672e+06 -1.26634e+07 
-1.00385e+13  -2.0077e+13 
 -2.5193e+25 -5.03859e+25 
-1.58671e+50 -3.17343e+50 
-6.29415e+99 -1.25883e+100 
-9.90409e+198 -1.98082e+199 
        -inf         -inf 
        -inf         -inf 
        -inf         -inf 
        -inf         -inf 
        -inf         -inf 
        -inf         -inf 
        -inf         -inf 
        -inf         -inf 
        -inf         -inf 
        -inf         -inf 
        -inf         -inf 
        -inf         -inf 
        -inf         -inf 
        -inf         -inf 
        -inf         -inf 
        -inf         -inf 
        -inf         -inf 
        -inf         -inf 
        -inf         -inf 
        -inf         -inf 
        -inf         -inf 
        -inf         -inf 
        -inf         -inf 
        -inf         -inf 
        -inf         -inf 
        -inf         -inf 
        -inf         -inf 
        -inf         -inf 
        -inf         -inf 
50
    0.624793      1.09024 
     1.22852      1.20745 
     1.76206      1.06708 
      1.9599     0.395684 
     1.68742    -0.544976 
     1.12494     -1.12495 
    0.527325     -1.19523 
 -0.00797562      -1.0706 
   -0.545286     -1.07462 
    -1.29325     -1.49593 
    -2.78266     -2.97881 
    -6.90352     -8.24173 
    -24.6649     -35.5228 
    -200.682     -352.034 
    -10495.2       -20589 
-2.75606e+07 -5.51003e+07 
-1.89897e+14 -3.79794e+14 
-9.01523e+27 -1.80305e+28 
-2.03186e+55 -4.06372e+55 
-1.03211e+110 -2.06423e+110 
-2.66315e+219 -5.3263e+219 
        -inf         -inf 
        -inf         -inf 
        -inf         -inf 
        -inf         -inf 
        -inf         -inf 
        -inf         -inf 
        -inf         -inf 
        -inf         -inf 
        -inf         -inf 
        -inf         -inf 
        -inf         -inf 
        -inf         -inf 
        -inf         -inf 
        -inf         -inf 
        -inf         -inf 
        -inf         -inf 
        -inf         -inf 
        -inf         -inf 
        -inf         -inf 
        -inf         -inf 
        -inf         -inf 
        -inf         -inf 
        -inf         -inf 
        -inf         -inf 
        -inf         -inf 
        -inf         -inf 
        -inf         -inf 
        -inf         -inf 
        -inf         -inf 
