100
 7.88205e-07  6.15413e-07 
   0.0776991     0.068543 
    0.151685      0.14902 
     0.22214     0.240281 
    0.289233     0.341285 
    0.353125     0.451086 
    0.413971     0.568829 
    0.471916     0.693735 
    0.527098     0.825099 
    0.579647     0.962283 
    0.629688       1.1047 
    0.677339      1.25184 
    0.722711      1.40321 
    0.765912      1.55837 
    0.807042      1.71695 
    0.846196      1.87857 
    0.883468      2.04292 
    0.918942       2.2097 
    0.952701      2.37865 
    0.984825      2.54951 
     1.01539      2.72208 
     1.04446      2.89616 
      1.0721      3.07155 
     1.09839      3.24811 
     1.12338      3.42568 
     1.14713      3.60412 
      1.1697      3.78332 
     1.19113      3.96316 
     1.21149      4.14355 
      1.2308      4.32439 
     1.24914      4.50561 
     1.26652      4.68713 
       1.283      4.86889 
     1.29862      5.05082 
     1.31342      5.23287 
     1.32742      5.41499 
     1.34067      5.59715 
     1.35319       5.7793 
     1.36502       5.9614 
     1.37619      6.14344 
     1.38673      6.32537 
     1.39666      6.50717 
     1.40601      6.68883 
      1.4148      6.87032 
     1.42306      7.05163 
     1.43081      7.23275 
     1.43808      7.41365 
     1.44487      7.59433 
     1.45122      7.77478 
     1.45714      7.95499 
     1.46265      8.13496 
     1.46777      8.31468 
     1.47251      8.49414 
     1.47688      8.67334 
     1.48092      8.85228 
     1.48462      9.03096 
       1.488      9.20937 
     1.49108      9.38752 
     1.49387       9.5654 
     1.49638      9.74302 
     1.49862      9.92038 
      1.5006      10.0975 
     1.50234      10.2743 
     1.50384      10.4509 
     1.50512      10.6272 
     1.50618      10.8032 
     1.50703      10.9791 
     1.50768      11.1546 
     1.50815      11.3299 
     1.50843       11.505 
     1.50853      11.6799 
     1.50847      11.8545 
     1.50825      12.0288 
     1.50787       12.203 
     1.50735      12.3769 
     1.50668      12.5506 
     1.50588      12.7241 
     1.50496      12.8973 
      1.5039      13.0704 
     1.50273      13.2432 
     1.50144      13.4159 
     1.50005      13.5884 
     1.49855      13.7606 
     1.49695      13.9327 
     1.49526      14.1046 
     1.49347      14.2763 
      1.4916      14.4478 
     1.48965      14.6191 
     1.48761      14.7903 
      1.4855      14.9613 
     1.48332      15.1322 
     1.48106      15.3028 
     1.47874      15.4734 
     1.47636      15.6437 
     1.47392      15.8139 
     1.47141       15.984 
     1.46886      16.1539 
     1.46625      16.3237 
     1.46359      16.4933 
     1.46088      16.6628 
